
NonOrtogonal quantum chemistry and Perturbation Theory
                  NOPT version 3.2


sQM - standart QM module.

Compilation options:
1) linear algebra package - OpenBLAS
2) non-parallel BLAS matrix multiplication in the OMP parallel cycles

selected command  line options:
-i           pBQ_2A_CAS.inp	 input file

Calculation started at: 12:13 (EEST), 10 July 2026 (Friday).

_______________________________________________________________________

Input file:

   0: $PAR NUM_THREADS=16 N_MOL=1 RHF=0 CAS=1 D5=1 RI=1 NAME=pBQ_2B2 $PAREND
   1: $MOL
   2:  _CHARGE=-1;
   3:  _BASIS=cc-pvdz;
   4:  _RI_BASIS=cc-pvdz-jkfit;
   5:  _UNITS= ang;
   6:  _xyz
   7: 12
   8: pBQ- 2A (D2, twisted) | MRMP2/d-aug-cc-pVTZ | Angstrom
   9: C    -1.4365365158    0.0000000000    0.0000000000
  10: C     1.4365365158    0.0000000000    0.0000000000
  11: O    -2.6866039788    0.0000000000    0.0000000000
  12: O     2.6866039788    0.0000000000    0.0000000000
  13: C    -0.6867858251   -1.2538739222    0.1540165049
  14: C     0.6867858251   -1.2538739222   -0.1540165049
  15: C    -0.6867858251    1.2538739222   -0.1540165049
  16: C     0.6867858251    1.2538739222    0.1540165049
  17: H    -1.2757216894   -2.1643648836    0.1703096948
  18: H     1.2757216894   -2.1643648836   -0.1703096948
  19: H    -1.2757216894    2.1643648836   -0.1703096948
  20: H     1.2757216894    2.1643648836    0.1703096948
  21: $END
  22: $act_space n_alp=7 n_bet=6 n_val=10 mult=2 p_n=10 reorder=1 orbitals=21,24,25,26,27,28,29,30,31,36; $end
  23: _MO INP=pBQ_2B2_RHF.orb
  24: $CAS n_s=2 w_state=all_1; cisolver=aldet maxit=50 dE=1e-12 grad=1e-6 p_cutoff=0.03 $END
_______________________________________________________________________



_____________________________Input_summary_____________________________


Number of threads:  16

Job name: pBQ_2B2

Methods:
Restricted Hartree-Fock                          -     no 
Complete Active Space SCF                        -     yes
eXtended MultiConfiguration QuasiDegenerate PT   -     no 
Complete Degenerate Active Space PT              -     no 
Settings:
D5                                               -     yes
Resolution of Identity                           -     yes
Spin-orbit                                       -     no 
Symmetry point group                             -     no(C1)
Printing:
dipole moment                                    -     yes
electron dispersion                              -     no 
quadrupole moment                                -     no 
Mulliken charges                                 -     no 
_______________________________________________________________________


Reading molecule:
-----------------------------------------------------------------------

WARNING: read_cl is blocked in the 3.0 version

                      units    = ang
                      charge   = -1
                      basis    = cc-pvdz (library)
                      RI basis = cc-pvdz-jkfit (library)
                      included   pBQ_2B2_RHF.orb (orbitals)
WARNING:              Orbitals are reordered
                      Active space orbitals: 21 24 25 26 27 28 29 30 31 36
_______________________________________________________________________

Molecule structure (a.u.):
 ________________________________________________________________________________________
| Atom |    C    |     X     |     Y     |     Z     |   n_ecp   |     q     |    type   |
| _____|_________|___________|___________|___________|___________|___________|___________|
|  C   |     6   |    -2.715 |     0.000 |     0.000 |           |           |    real   |
|  C   |     6   |     2.715 |     0.000 |     0.000 |           |           |    real   |
|  O   |     8   |    -5.077 |     0.000 |     0.000 |           |           |    real   |
|  O   |     8   |     5.077 |     0.000 |     0.000 |           |           |    real   |
|  C   |     6   |    -1.298 |    -2.369 |     0.291 |           |           |    real   |
|  C   |     6   |     1.298 |    -2.369 |    -0.291 |           |           |    real   |
|  C   |     6   |    -1.298 |     2.369 |    -0.291 |           |           |    real   |
|  C   |     6   |     1.298 |     2.369 |     0.291 |           |           |    real   |
|  H   |     1   |    -2.411 |    -4.090 |     0.322 |           |           |    real   |
|  H   |     1   |     2.411 |    -4.090 |    -0.322 |           |           |    real   |
|  H   |     1   |    -2.411 |     4.090 |    -0.322 |           |           |    real   |
|  H   |     1   |     2.411 |     4.090 |     0.322 |           |           |    real   |
| _____|_________|___________|___________|___________|___________|___________|___________|

Molecule contains 57 electrons

C - nuclear charge (a.u.)
q - additional (partial) charge (a.u.)
n_ecp - number of electrons frozen by ECP
X,Y,Z - cartesian coordinates (Bohr)



 Basis set information:

 ____________________________________________________________________________________
|     Atom     |    L    |       alpha       |         c         |       c(lib)      |
|______________|_________|___________________|___________________|___________________|
|   C (  0)    |         |                   |                   |                   |
|              |     0   |       6665.000000 |          0.363584 |          0.000692 |
|              |         |       1000.000000 |          0.674986 |          0.005329 |
|              |         |        228.000000 |          1.131620 |          0.027077 |
|              |         |         64.710000 |          1.653009 |          0.101718 |
|              |         |         21.060000 |          1.923821 |          0.274740 |
|              |         |          7.495000 |          1.447278 |          0.448564 |
|              |         |          2.797000 |          0.439163 |          0.285074 |
|              |         |          0.521500 |          0.006646 |          0.015204 |
|              |---------|-------------------|-------------------|-------------------|
|              |     0   |       6665.000000 |         -0.154180 |         -0.000146 |
|              |         |       1000.000000 |         -0.293785 |         -0.001154 |
|              |         |        228.000000 |         -0.480896 |         -0.005725 |
|              |         |         64.710000 |         -0.761434 |         -0.023312 |
|              |         |         21.060000 |         -0.900104 |         -0.063955 |
|              |         |          7.495000 |         -0.972611 |         -0.149981 |
|              |         |          2.797000 |         -0.394042 |         -0.127262 |
|              |         |          0.521500 |          0.478394 |          0.544529 |
|              |---------|-------------------|-------------------|-------------------|
|              |     0   |          0.159600 |          0.179964 |          1.000000 |
|              |---------|-------------------|-------------------|-------------------|
|              |     1   |          9.439000 |          1.343737 |          0.038109 |
|              |         |          2.002000 |          1.063168 |          0.209480 |
|              |         |          0.545600 |          0.508232 |          0.508557 |
|              |---------|-------------------|-------------------|-------------------|
|              |     1   |          0.151700 |          0.134950 |          1.000000 |
|              |---------|-------------------|-------------------|-------------------|
|              |     2   |          0.550000 |          0.578155 |          1.000000 |
|--------------|---------|-------------------|-------------------|-------------------|
|   C (  1)    |         |                   |                   |                   |
|              |     0   |       6665.000000 |          0.363584 |          0.000692 |
|              |         |       1000.000000 |          0.674986 |          0.005329 |
|              |         |        228.000000 |          1.131620 |          0.027077 |
|              |         |         64.710000 |          1.653009 |          0.101718 |
|              |         |         21.060000 |          1.923821 |          0.274740 |
|              |         |          7.495000 |          1.447278 |          0.448564 |
|              |         |          2.797000 |          0.439163 |          0.285074 |
|              |         |          0.521500 |          0.006646 |          0.015204 |
|              |---------|-------------------|-------------------|-------------------|
|              |     0   |       6665.000000 |         -0.154180 |         -0.000146 |
|              |         |       1000.000000 |         -0.293785 |         -0.001154 |
|              |         |        228.000000 |         -0.480896 |         -0.005725 |
|              |         |         64.710000 |         -0.761434 |         -0.023312 |
|              |         |         21.060000 |         -0.900104 |         -0.063955 |
|              |         |          7.495000 |         -0.972611 |         -0.149981 |
|              |         |          2.797000 |         -0.394042 |         -0.127262 |
|              |         |          0.521500 |          0.478394 |          0.544529 |
|              |---------|-------------------|-------------------|-------------------|
|              |     0   |          0.159600 |          0.179964 |          1.000000 |
|              |---------|-------------------|-------------------|-------------------|
|              |     1   |          9.439000 |          1.343737 |          0.038109 |
|              |         |          2.002000 |          1.063168 |          0.209480 |
|              |         |          0.545600 |          0.508232 |          0.508557 |
|              |---------|-------------------|-------------------|-------------------|
|              |     1   |          0.151700 |          0.134950 |          1.000000 |
|              |---------|-------------------|-------------------|-------------------|
|              |     2   |          0.550000 |          0.578155 |          1.000000 |
|--------------|---------|-------------------|-------------------|-------------------|
|   O (  2)    |         |                   |                   |                   |
|              |     0   |      11720.000000 |          0.569702 |          0.000710 |
|              |         |       1759.000000 |          1.058352 |          0.005470 |
|              |         |        400.800000 |          1.776281 |          0.027837 |
|              |         |        113.700000 |          2.599412 |          0.104800 |
|              |         |         37.030000 |          3.026846 |          0.283062 |
|              |         |         13.270000 |          2.222394 |          0.448719 |
|              |         |          5.025000 |          0.647795 |          0.270952 |
|              |         |          1.013000 |          0.011119 |          0.015458 |
|              |---------|-------------------|-------------------|-------------------|
|              |     0   |      11720.000000 |         -0.252434 |         -0.000160 |
|              |         |       1759.000000 |         -0.480491 |         -0.001263 |
|              |         |        400.800000 |         -0.786300 |         -0.006267 |
|              |         |        113.700000 |         -1.254170 |         -0.025716 |
|              |         |         37.030000 |         -1.491218 |         -0.070924 |
|              |         |         13.270000 |         -1.610832 |         -0.165411 |
|              |         |          5.025000 |         -0.549798 |         -0.116955 |
|              |         |          1.013000 |          0.788282 |          0.557368 |
|              |---------|-------------------|-------------------|-------------------|
|              |     0   |          0.302300 |          0.290562 |          1.000000 |
|              |---------|-------------------|-------------------|-------------------|
|              |     1   |         17.700000 |          3.243619 |          0.043018 |
|              |         |          3.854000 |          2.567280 |          0.228913 |
|              |         |          1.046000 |          1.117669 |          0.508728 |
|              |---------|-------------------|-------------------|-------------------|
|              |     1   |          0.275300 |          0.284248 |          1.000000 |
|              |---------|-------------------|-------------------|-------------------|
|              |     2   |          1.185000 |          2.215218 |          1.000000 |
|--------------|---------|-------------------|-------------------|-------------------|
|   O (  3)    |         |                   |                   |                   |
|              |     0   |      11720.000000 |          0.569702 |          0.000710 |
|              |         |       1759.000000 |          1.058352 |          0.005470 |
|              |         |        400.800000 |          1.776281 |          0.027837 |
|              |         |        113.700000 |          2.599412 |          0.104800 |
|              |         |         37.030000 |          3.026846 |          0.283062 |
|              |         |         13.270000 |          2.222394 |          0.448719 |
|              |         |          5.025000 |          0.647795 |          0.270952 |
|              |         |          1.013000 |          0.011119 |          0.015458 |
|              |---------|-------------------|-------------------|-------------------|
|              |     0   |      11720.000000 |         -0.252434 |         -0.000160 |
|              |         |       1759.000000 |         -0.480491 |         -0.001263 |
|              |         |        400.800000 |         -0.786300 |         -0.006267 |
|              |         |        113.700000 |         -1.254170 |         -0.025716 |
|              |         |         37.030000 |         -1.491218 |         -0.070924 |
|              |         |         13.270000 |         -1.610832 |         -0.165411 |
|              |         |          5.025000 |         -0.549798 |         -0.116955 |
|              |         |          1.013000 |          0.788282 |          0.557368 |
|              |---------|-------------------|-------------------|-------------------|
|              |     0   |          0.302300 |          0.290562 |          1.000000 |
|              |---------|-------------------|-------------------|-------------------|
|              |     1   |         17.700000 |          3.243619 |          0.043018 |
|              |         |          3.854000 |          2.567280 |          0.228913 |
|              |         |          1.046000 |          1.117669 |          0.508728 |
|              |---------|-------------------|-------------------|-------------------|
|              |     1   |          0.275300 |          0.284248 |          1.000000 |
|              |---------|-------------------|-------------------|-------------------|
|              |     2   |          1.185000 |          2.215218 |          1.000000 |
|--------------|---------|-------------------|-------------------|-------------------|
|   C (  4)    |         |                   |                   |                   |
|              |     0   |       6665.000000 |          0.363584 |          0.000692 |
|              |         |       1000.000000 |          0.674986 |          0.005329 |
|              |         |        228.000000 |          1.131620 |          0.027077 |
|              |         |         64.710000 |          1.653009 |          0.101718 |
|              |         |         21.060000 |          1.923821 |          0.274740 |
|              |         |          7.495000 |          1.447278 |          0.448564 |
|              |         |          2.797000 |          0.439163 |          0.285074 |
|              |         |          0.521500 |          0.006646 |          0.015204 |
|              |---------|-------------------|-------------------|-------------------|
|              |     0   |       6665.000000 |         -0.154180 |         -0.000146 |
|              |         |       1000.000000 |         -0.293785 |         -0.001154 |
|              |         |        228.000000 |         -0.480896 |         -0.005725 |
|              |         |         64.710000 |         -0.761434 |         -0.023312 |
|              |         |         21.060000 |         -0.900104 |         -0.063955 |
|              |         |          7.495000 |         -0.972611 |         -0.149981 |
|              |         |          2.797000 |         -0.394042 |         -0.127262 |
|              |         |          0.521500 |          0.478394 |          0.544529 |
|              |---------|-------------------|-------------------|-------------------|
|              |     0   |          0.159600 |          0.179964 |          1.000000 |
|              |---------|-------------------|-------------------|-------------------|
|              |     1   |          9.439000 |          1.343737 |          0.038109 |
|              |         |          2.002000 |          1.063168 |          0.209480 |
|              |         |          0.545600 |          0.508232 |          0.508557 |
|              |---------|-------------------|-------------------|-------------------|
|              |     1   |          0.151700 |          0.134950 |          1.000000 |
|              |---------|-------------------|-------------------|-------------------|
|              |     2   |          0.550000 |          0.578155 |          1.000000 |
|--------------|---------|-------------------|-------------------|-------------------|
|   C (  5)    |         |                   |                   |                   |
|              |     0   |       6665.000000 |          0.363584 |          0.000692 |
|              |         |       1000.000000 |          0.674986 |          0.005329 |
|              |         |        228.000000 |          1.131620 |          0.027077 |
|              |         |         64.710000 |          1.653009 |          0.101718 |
|              |         |         21.060000 |          1.923821 |          0.274740 |
|              |         |          7.495000 |          1.447278 |          0.448564 |
|              |         |          2.797000 |          0.439163 |          0.285074 |
|              |         |          0.521500 |          0.006646 |          0.015204 |
|              |---------|-------------------|-------------------|-------------------|
|              |     0   |       6665.000000 |         -0.154180 |         -0.000146 |
|              |         |       1000.000000 |         -0.293785 |         -0.001154 |
|              |         |        228.000000 |         -0.480896 |         -0.005725 |
|              |         |         64.710000 |         -0.761434 |         -0.023312 |
|              |         |         21.060000 |         -0.900104 |         -0.063955 |
|              |         |          7.495000 |         -0.972611 |         -0.149981 |
|              |         |          2.797000 |         -0.394042 |         -0.127262 |
|              |         |          0.521500 |          0.478394 |          0.544529 |
|              |---------|-------------------|-------------------|-------------------|
|              |     0   |          0.159600 |          0.179964 |          1.000000 |
|              |---------|-------------------|-------------------|-------------------|
|              |     1   |          9.439000 |          1.343737 |          0.038109 |
|              |         |          2.002000 |          1.063168 |          0.209480 |
|              |         |          0.545600 |          0.508232 |          0.508557 |
|              |---------|-------------------|-------------------|-------------------|
|              |     1   |          0.151700 |          0.134950 |          1.000000 |
|              |---------|-------------------|-------------------|-------------------|
|              |     2   |          0.550000 |          0.578155 |          1.000000 |
|--------------|---------|-------------------|-------------------|-------------------|
|   C (  6)    |         |                   |                   |                   |
|              |     0   |       6665.000000 |          0.363584 |          0.000692 |
|              |         |       1000.000000 |          0.674986 |          0.005329 |
|              |         |        228.000000 |          1.131620 |          0.027077 |
|              |         |         64.710000 |          1.653009 |          0.101718 |
|              |         |         21.060000 |          1.923821 |          0.274740 |
|              |         |          7.495000 |          1.447278 |          0.448564 |
|              |         |          2.797000 |          0.439163 |          0.285074 |
|              |         |          0.521500 |          0.006646 |          0.015204 |
|              |---------|-------------------|-------------------|-------------------|
|              |     0   |       6665.000000 |         -0.154180 |         -0.000146 |
|              |         |       1000.000000 |         -0.293785 |         -0.001154 |
|              |         |        228.000000 |         -0.480896 |         -0.005725 |
|              |         |         64.710000 |         -0.761434 |         -0.023312 |
|              |         |         21.060000 |         -0.900104 |         -0.063955 |
|              |         |          7.495000 |         -0.972611 |         -0.149981 |
|              |         |          2.797000 |         -0.394042 |         -0.127262 |
|              |         |          0.521500 |          0.478394 |          0.544529 |
|              |---------|-------------------|-------------------|-------------------|
|              |     0   |          0.159600 |          0.179964 |          1.000000 |
|              |---------|-------------------|-------------------|-------------------|
|              |     1   |          9.439000 |          1.343737 |          0.038109 |
|              |         |          2.002000 |          1.063168 |          0.209480 |
|              |         |          0.545600 |          0.508232 |          0.508557 |
|              |---------|-------------------|-------------------|-------------------|
|              |     1   |          0.151700 |          0.134950 |          1.000000 |
|              |---------|-------------------|-------------------|-------------------|
|              |     2   |          0.550000 |          0.578155 |          1.000000 |
|--------------|---------|-------------------|-------------------|-------------------|
|   C (  7)    |         |                   |                   |                   |
|              |     0   |       6665.000000 |          0.363584 |          0.000692 |
|              |         |       1000.000000 |          0.674986 |          0.005329 |
|              |         |        228.000000 |          1.131620 |          0.027077 |
|              |         |         64.710000 |          1.653009 |          0.101718 |
|              |         |         21.060000 |          1.923821 |          0.274740 |
|              |         |          7.495000 |          1.447278 |          0.448564 |
|              |         |          2.797000 |          0.439163 |          0.285074 |
|              |         |          0.521500 |          0.006646 |          0.015204 |
|              |---------|-------------------|-------------------|-------------------|
|              |     0   |       6665.000000 |         -0.154180 |         -0.000146 |
|              |         |       1000.000000 |         -0.293785 |         -0.001154 |
|              |         |        228.000000 |         -0.480896 |         -0.005725 |
|              |         |         64.710000 |         -0.761434 |         -0.023312 |
|              |         |         21.060000 |         -0.900104 |         -0.063955 |
|              |         |          7.495000 |         -0.972611 |         -0.149981 |
|              |         |          2.797000 |         -0.394042 |         -0.127262 |
|              |         |          0.521500 |          0.478394 |          0.544529 |
|              |---------|-------------------|-------------------|-------------------|
|              |     0   |          0.159600 |          0.179964 |          1.000000 |
|              |---------|-------------------|-------------------|-------------------|
|              |     1   |          9.439000 |          1.343737 |          0.038109 |
|              |         |          2.002000 |          1.063168 |          0.209480 |
|              |         |          0.545600 |          0.508232 |          0.508557 |
|              |---------|-------------------|-------------------|-------------------|
|              |     1   |          0.151700 |          0.134950 |          1.000000 |
|              |---------|-------------------|-------------------|-------------------|
|              |     2   |          0.550000 |          0.578155 |          1.000000 |
|--------------|---------|-------------------|-------------------|-------------------|
|   H (  8)    |         |                   |                   |                   |
|              |     0   |         13.010000 |          0.163548 |          0.019685 |
|              |         |          1.962000 |          0.277418 |          0.137977 |
|              |         |          0.444600 |          0.315749 |          0.478148 |
|              |---------|-------------------|-------------------|-------------------|
|              |     0   |          0.122000 |          0.147123 |          1.000000 |
|              |---------|-------------------|-------------------|-------------------|
|              |     1   |          0.727000 |          0.956881 |          1.000000 |
|--------------|---------|-------------------|-------------------|-------------------|
|   H (  9)    |         |                   |                   |                   |
|              |     0   |         13.010000 |          0.163548 |          0.019685 |
|              |         |          1.962000 |          0.277418 |          0.137977 |
|              |         |          0.444600 |          0.315749 |          0.478148 |
|              |---------|-------------------|-------------------|-------------------|
|              |     0   |          0.122000 |          0.147123 |          1.000000 |
|              |---------|-------------------|-------------------|-------------------|
|              |     1   |          0.727000 |          0.956881 |          1.000000 |
|--------------|---------|-------------------|-------------------|-------------------|
|   H ( 10)    |         |                   |                   |                   |
|              |     0   |         13.010000 |          0.163548 |          0.019685 |
|              |         |          1.962000 |          0.277418 |          0.137977 |
|              |         |          0.444600 |          0.315749 |          0.478148 |
|              |---------|-------------------|-------------------|-------------------|
|              |     0   |          0.122000 |          0.147123 |          1.000000 |
|              |---------|-------------------|-------------------|-------------------|
|              |     1   |          0.727000 |          0.956881 |          1.000000 |
|--------------|---------|-------------------|-------------------|-------------------|
|   H ( 11)    |         |                   |                   |                   |
|              |     0   |         13.010000 |          0.163548 |          0.019685 |
|              |         |          1.962000 |          0.277418 |          0.137977 |
|              |         |          0.444600 |          0.315749 |          0.478148 |
|              |---------|-------------------|-------------------|-------------------|
|              |     0   |          0.122000 |          0.147123 |          1.000000 |
|              |---------|-------------------|-------------------|-------------------|
|              |     1   |          0.727000 |          0.956881 |          1.000000 |
|______________|_________|___________________|___________________|___________________|



 RI basis set information:

 ____________________________________________________________________________________
|     Atom     |    L    |       alpha       |         c         |       c(lib)      |
|______________|_________|___________________|___________________|___________________|
|   C (  0)    |         |                   |                   |                   |
|              |     0   |       1113.986772 |        137.426383 |          1.000000 |
|              |---------|-------------------|-------------------|-------------------|
|              |     0   |        369.162342 |         60.023752 |          1.000000 |
|              |---------|-------------------|-------------------|-------------------|
|              |     0   |        121.792752 |         26.129204 |          1.000000 |
|              |---------|-------------------|-------------------|-------------------|
|              |     0   |         48.127115 |         13.022743 |          1.000000 |
|              |---------|-------------------|-------------------|-------------------|
|              |     0   |         20.365074 |          6.832420 |          1.000000 |
|              |---------|-------------------|-------------------|-------------------|
|              |     0   |          8.088360 |          3.418263 |          1.000000 |
|              |---------|-------------------|-------------------|-------------------|
|              |     0   |          2.506866 |          1.419902 |          1.000000 |
|              |---------|-------------------|-------------------|-------------------|
|              |     0   |          1.243854 |          0.839435 |          1.000000 |
|              |---------|-------------------|-------------------|-------------------|
|              |     0   |          0.484499 |          0.413885 |          1.000000 |
|              |---------|-------------------|-------------------|-------------------|
|              |     0   |          0.191852 |          0.206602 |          1.000000 |
|              |---------|-------------------|-------------------|-------------------|
|              |     1   |        102.991762 |        467.673972 |          1.000000 |
|              |---------|-------------------|-------------------|-------------------|
|              |     1   |         28.132594 |         92.353277 |          1.000000 |
|              |---------|-------------------|-------------------|-------------------|
|              |     1   |          9.836432 |         24.830592 |          1.000000 |
|              |---------|-------------------|-------------------|-------------------|
|              |     1   |          3.349054 |          6.457923 |          1.000000 |
|              |---------|-------------------|-------------------|-------------------|
|              |     1   |          1.494762 |          2.355890 |          1.000000 |
|              |---------|-------------------|-------------------|-------------------|
|              |     1   |          0.576901 |          0.716666 |          1.000000 |
|              |---------|-------------------|-------------------|-------------------|
|              |     1   |          0.203201 |          0.194467 |          1.000000 |
|              |---------|-------------------|-------------------|-------------------|
|              |     2   |         10.594068 |        102.392773 |          1.000000 |
|              |---------|-------------------|-------------------|-------------------|
|              |     2   |          3.599720 |         15.483874 |          1.000000 |
|              |---------|-------------------|-------------------|-------------------|
|              |     2   |          1.335569 |          2.731025 |          1.000000 |
|              |---------|-------------------|-------------------|-------------------|
|              |     2   |          0.519498 |          0.523216 |          1.000000 |
|              |---------|-------------------|-------------------|-------------------|
|              |     2   |          0.199541 |          0.098054 |          1.000000 |
|              |---------|-------------------|-------------------|-------------------|
|              |     3   |          1.194866 |          2.197470 |          1.000000 |
|              |---------|-------------------|-------------------|-------------------|
|              |     3   |          0.415866 |          0.204456 |          1.000000 |
|--------------|---------|-------------------|-------------------|-------------------|
|   C (  1)    |         |                   |                   |                   |
|              |     0   |       1113.986772 |        137.426383 |          1.000000 |
|              |---------|-------------------|-------------------|-------------------|
|              |     0   |        369.162342 |         60.023752 |          1.000000 |
|              |---------|-------------------|-------------------|-------------------|
|              |     0   |        121.792752 |         26.129204 |          1.000000 |
|              |---------|-------------------|-------------------|-------------------|
|              |     0   |         48.127115 |         13.022743 |          1.000000 |
|              |---------|-------------------|-------------------|-------------------|
|              |     0   |         20.365074 |          6.832420 |          1.000000 |
|              |---------|-------------------|-------------------|-------------------|
|              |     0   |          8.088360 |          3.418263 |          1.000000 |
|              |---------|-------------------|-------------------|-------------------|
|              |     0   |          2.506866 |          1.419902 |          1.000000 |
|              |---------|-------------------|-------------------|-------------------|
|              |     0   |          1.243854 |          0.839435 |          1.000000 |
|              |---------|-------------------|-------------------|-------------------|
|              |     0   |          0.484499 |          0.413885 |          1.000000 |
|              |---------|-------------------|-------------------|-------------------|
|              |     0   |          0.191852 |          0.206602 |          1.000000 |
|              |---------|-------------------|-------------------|-------------------|
|              |     1   |        102.991762 |        467.673972 |          1.000000 |
|              |---------|-------------------|-------------------|-------------------|
|              |     1   |         28.132594 |         92.353277 |          1.000000 |
|              |---------|-------------------|-------------------|-------------------|
|              |     1   |          9.836432 |         24.830592 |          1.000000 |
|              |---------|-------------------|-------------------|-------------------|
|              |     1   |          3.349054 |          6.457923 |          1.000000 |
|              |---------|-------------------|-------------------|-------------------|
|              |     1   |          1.494762 |          2.355890 |          1.000000 |
|              |---------|-------------------|-------------------|-------------------|
|              |     1   |          0.576901 |          0.716666 |          1.000000 |
|              |---------|-------------------|-------------------|-------------------|
|              |     1   |          0.203201 |          0.194467 |          1.000000 |
|              |---------|-------------------|-------------------|-------------------|
|              |     2   |         10.594068 |        102.392773 |          1.000000 |
|              |---------|-------------------|-------------------|-------------------|
|              |     2   |          3.599720 |         15.483874 |          1.000000 |
|              |---------|-------------------|-------------------|-------------------|
|              |     2   |          1.335569 |          2.731025 |          1.000000 |
|              |---------|-------------------|-------------------|-------------------|
|              |     2   |          0.519498 |          0.523216 |          1.000000 |
|              |---------|-------------------|-------------------|-------------------|
|              |     2   |          0.199541 |          0.098054 |          1.000000 |
|              |---------|-------------------|-------------------|-------------------|
|              |     3   |          1.194866 |          2.197470 |          1.000000 |
|              |---------|-------------------|-------------------|-------------------|
|              |     3   |          0.415866 |          0.204456 |          1.000000 |
|--------------|---------|-------------------|-------------------|-------------------|
|   O (  2)    |         |                   |                   |                   |
|              |     0   |       1517.866751 |        173.314671 |          1.000000 |
|              |---------|-------------------|-------------------|-------------------|
|              |     0   |        489.679520 |         74.189774 |          1.000000 |
|              |---------|-------------------|-------------------|-------------------|
|              |     0   |        176.721187 |         34.544313 |          1.000000 |
|              |---------|-------------------|-------------------|-------------------|
|              |     0   |         63.792233 |         16.087403 |          1.000000 |
|              |---------|-------------------|-------------------|-------------------|
|              |     0   |         25.366499 |          8.055741 |          1.000000 |
|              |---------|-------------------|-------------------|-------------------|
|              |     0   |          9.913549 |          3.981823 |          1.000000 |
|              |---------|-------------------|-------------------|-------------------|
|              |     0   |          4.464531 |          2.188981 |          1.000000 |
|              |---------|-------------------|-------------------|-------------------|
|              |     0   |          1.801774 |          1.108372 |          1.000000 |
|              |---------|-------------------|-------------------|-------------------|
|              |     0   |          0.807897 |          0.607333 |          1.000000 |
|              |---------|-------------------|-------------------|-------------------|
|              |     0   |          0.338643 |          0.316386 |          1.000000 |
|              |---------|-------------------|-------------------|-------------------|
|              |     1   |        120.160309 |        567.076153 |          1.000000 |
|              |---------|-------------------|-------------------|-------------------|
|              |     1   |         34.409622 |        118.792760 |          1.000000 |
|              |---------|-------------------|-------------------|-------------------|
|              |     1   |         12.581149 |         33.774619 |          1.000000 |
|              |---------|-------------------|-------------------|-------------------|
|              |     1   |          5.066382 |         10.834592 |          1.000000 |
|              |---------|-------------------|-------------------|-------------------|
|              |     1   |          2.034693 |          3.463886 |          1.000000 |
|              |---------|-------------------|-------------------|-------------------|
|              |     1   |          0.860930 |          1.182088 |          1.000000 |
|              |---------|-------------------|-------------------|-------------------|
|              |     1   |          0.366814 |          0.406909 |          1.000000 |
|              |---------|-------------------|-------------------|-------------------|
|              |     2   |         19.043063 |        285.725404 |          1.000000 |
|              |---------|-------------------|-------------------|-------------------|
|              |     2   |          5.806038 |         35.743679 |          1.000000 |
|              |---------|-------------------|-------------------|-------------------|
|              |     2   |          2.189184 |          6.484903 |          1.000000 |
|              |---------|-------------------|-------------------|-------------------|
|              |     2   |          0.877946 |          1.310624 |          1.000000 |
|              |---------|-------------------|-------------------|-------------------|
|              |     2   |          0.356236 |          0.270366 |          1.000000 |
|              |---------|-------------------|-------------------|-------------------|
|              |     3   |          2.493915 |         11.506363 |          1.000000 |
|              |---------|-------------------|-------------------|-------------------|
|              |     3   |          0.824915 |          0.954718 |          1.000000 |
|--------------|---------|-------------------|-------------------|-------------------|
|   O (  3)    |         |                   |                   |                   |
|              |     0   |       1517.866751 |        173.314671 |          1.000000 |
|              |---------|-------------------|-------------------|-------------------|
|              |     0   |        489.679520 |         74.189774 |          1.000000 |
|              |---------|-------------------|-------------------|-------------------|
|              |     0   |        176.721187 |         34.544313 |          1.000000 |
|              |---------|-------------------|-------------------|-------------------|
|              |     0   |         63.792233 |         16.087403 |          1.000000 |
|              |---------|-------------------|-------------------|-------------------|
|              |     0   |         25.366499 |          8.055741 |          1.000000 |
|              |---------|-------------------|-------------------|-------------------|
|              |     0   |          9.913549 |          3.981823 |          1.000000 |
|              |---------|-------------------|-------------------|-------------------|
|              |     0   |          4.464531 |          2.188981 |          1.000000 |
|              |---------|-------------------|-------------------|-------------------|
|              |     0   |          1.801774 |          1.108372 |          1.000000 |
|              |---------|-------------------|-------------------|-------------------|
|              |     0   |          0.807897 |          0.607333 |          1.000000 |
|              |---------|-------------------|-------------------|-------------------|
|              |     0   |          0.338643 |          0.316386 |          1.000000 |
|              |---------|-------------------|-------------------|-------------------|
|              |     1   |        120.160309 |        567.076153 |          1.000000 |
|              |---------|-------------------|-------------------|-------------------|
|              |     1   |         34.409622 |        118.792760 |          1.000000 |
|              |---------|-------------------|-------------------|-------------------|
|              |     1   |         12.581149 |         33.774619 |          1.000000 |
|              |---------|-------------------|-------------------|-------------------|
|              |     1   |          5.066382 |         10.834592 |          1.000000 |
|              |---------|-------------------|-------------------|-------------------|
|              |     1   |          2.034693 |          3.463886 |          1.000000 |
|              |---------|-------------------|-------------------|-------------------|
|              |     1   |          0.860930 |          1.182088 |          1.000000 |
|              |---------|-------------------|-------------------|-------------------|
|              |     1   |          0.366814 |          0.406909 |          1.000000 |
|              |---------|-------------------|-------------------|-------------------|
|              |     2   |         19.043063 |        285.725404 |          1.000000 |
|              |---------|-------------------|-------------------|-------------------|
|              |     2   |          5.806038 |         35.743679 |          1.000000 |
|              |---------|-------------------|-------------------|-------------------|
|              |     2   |          2.189184 |          6.484903 |          1.000000 |
|              |---------|-------------------|-------------------|-------------------|
|              |     2   |          0.877946 |          1.310624 |          1.000000 |
|              |---------|-------------------|-------------------|-------------------|
|              |     2   |          0.356236 |          0.270366 |          1.000000 |
|              |---------|-------------------|-------------------|-------------------|
|              |     3   |          2.493915 |         11.506363 |          1.000000 |
|              |---------|-------------------|-------------------|-------------------|
|              |     3   |          0.824915 |          0.954718 |          1.000000 |
|--------------|---------|-------------------|-------------------|-------------------|
|   C (  4)    |         |                   |                   |                   |
|              |     0   |       1113.986772 |        137.426383 |          1.000000 |
|              |---------|-------------------|-------------------|-------------------|
|              |     0   |        369.162342 |         60.023752 |          1.000000 |
|              |---------|-------------------|-------------------|-------------------|
|              |     0   |        121.792752 |         26.129204 |          1.000000 |
|              |---------|-------------------|-------------------|-------------------|
|              |     0   |         48.127115 |         13.022743 |          1.000000 |
|              |---------|-------------------|-------------------|-------------------|
|              |     0   |         20.365074 |          6.832420 |          1.000000 |
|              |---------|-------------------|-------------------|-------------------|
|              |     0   |          8.088360 |          3.418263 |          1.000000 |
|              |---------|-------------------|-------------------|-------------------|
|              |     0   |          2.506866 |          1.419902 |          1.000000 |
|              |---------|-------------------|-------------------|-------------------|
|              |     0   |          1.243854 |          0.839435 |          1.000000 |
|              |---------|-------------------|-------------------|-------------------|
|              |     0   |          0.484499 |          0.413885 |          1.000000 |
|              |---------|-------------------|-------------------|-------------------|
|              |     0   |          0.191852 |          0.206602 |          1.000000 |
|              |---------|-------------------|-------------------|-------------------|
|              |     1   |        102.991762 |        467.673972 |          1.000000 |
|              |---------|-------------------|-------------------|-------------------|
|              |     1   |         28.132594 |         92.353277 |          1.000000 |
|              |---------|-------------------|-------------------|-------------------|
|              |     1   |          9.836432 |         24.830592 |          1.000000 |
|              |---------|-------------------|-------------------|-------------------|
|              |     1   |          3.349054 |          6.457923 |          1.000000 |
|              |---------|-------------------|-------------------|-------------------|
|              |     1   |          1.494762 |          2.355890 |          1.000000 |
|              |---------|-------------------|-------------------|-------------------|
|              |     1   |          0.576901 |          0.716666 |          1.000000 |
|              |---------|-------------------|-------------------|-------------------|
|              |     1   |          0.203201 |          0.194467 |          1.000000 |
|              |---------|-------------------|-------------------|-------------------|
|              |     2   |         10.594068 |        102.392773 |          1.000000 |
|              |---------|-------------------|-------------------|-------------------|
|              |     2   |          3.599720 |         15.483874 |          1.000000 |
|              |---------|-------------------|-------------------|-------------------|
|              |     2   |          1.335569 |          2.731025 |          1.000000 |
|              |---------|-------------------|-------------------|-------------------|
|              |     2   |          0.519498 |          0.523216 |          1.000000 |
|              |---------|-------------------|-------------------|-------------------|
|              |     2   |          0.199541 |          0.098054 |          1.000000 |
|              |---------|-------------------|-------------------|-------------------|
|              |     3   |          1.194866 |          2.197470 |          1.000000 |
|              |---------|-------------------|-------------------|-------------------|
|              |     3   |          0.415866 |          0.204456 |          1.000000 |
|--------------|---------|-------------------|-------------------|-------------------|
|   C (  5)    |         |                   |                   |                   |
|              |     0   |       1113.986772 |        137.426383 |          1.000000 |
|              |---------|-------------------|-------------------|-------------------|
|              |     0   |        369.162342 |         60.023752 |          1.000000 |
|              |---------|-------------------|-------------------|-------------------|
|              |     0   |        121.792752 |         26.129204 |          1.000000 |
|              |---------|-------------------|-------------------|-------------------|
|              |     0   |         48.127115 |         13.022743 |          1.000000 |
|              |---------|-------------------|-------------------|-------------------|
|              |     0   |         20.365074 |          6.832420 |          1.000000 |
|              |---------|-------------------|-------------------|-------------------|
|              |     0   |          8.088360 |          3.418263 |          1.000000 |
|              |---------|-------------------|-------------------|-------------------|
|              |     0   |          2.506866 |          1.419902 |          1.000000 |
|              |---------|-------------------|-------------------|-------------------|
|              |     0   |          1.243854 |          0.839435 |          1.000000 |
|              |---------|-------------------|-------------------|-------------------|
|              |     0   |          0.484499 |          0.413885 |          1.000000 |
|              |---------|-------------------|-------------------|-------------------|
|              |     0   |          0.191852 |          0.206602 |          1.000000 |
|              |---------|-------------------|-------------------|-------------------|
|              |     1   |        102.991762 |        467.673972 |          1.000000 |
|              |---------|-------------------|-------------------|-------------------|
|              |     1   |         28.132594 |         92.353277 |          1.000000 |
|              |---------|-------------------|-------------------|-------------------|
|              |     1   |          9.836432 |         24.830592 |          1.000000 |
|              |---------|-------------------|-------------------|-------------------|
|              |     1   |          3.349054 |          6.457923 |          1.000000 |
|              |---------|-------------------|-------------------|-------------------|
|              |     1   |          1.494762 |          2.355890 |          1.000000 |
|              |---------|-------------------|-------------------|-------------------|
|              |     1   |          0.576901 |          0.716666 |          1.000000 |
|              |---------|-------------------|-------------------|-------------------|
|              |     1   |          0.203201 |          0.194467 |          1.000000 |
|              |---------|-------------------|-------------------|-------------------|
|              |     2   |         10.594068 |        102.392773 |          1.000000 |
|              |---------|-------------------|-------------------|-------------------|
|              |     2   |          3.599720 |         15.483874 |          1.000000 |
|              |---------|-------------------|-------------------|-------------------|
|              |     2   |          1.335569 |          2.731025 |          1.000000 |
|              |---------|-------------------|-------------------|-------------------|
|              |     2   |          0.519498 |          0.523216 |          1.000000 |
|              |---------|-------------------|-------------------|-------------------|
|              |     2   |          0.199541 |          0.098054 |          1.000000 |
|              |---------|-------------------|-------------------|-------------------|
|              |     3   |          1.194866 |          2.197470 |          1.000000 |
|              |---------|-------------------|-------------------|-------------------|
|              |     3   |          0.415866 |          0.204456 |          1.000000 |
|--------------|---------|-------------------|-------------------|-------------------|
|   C (  6)    |         |                   |                   |                   |
|              |     0   |       1113.986772 |        137.426383 |          1.000000 |
|              |---------|-------------------|-------------------|-------------------|
|              |     0   |        369.162342 |         60.023752 |          1.000000 |
|              |---------|-------------------|-------------------|-------------------|
|              |     0   |        121.792752 |         26.129204 |          1.000000 |
|              |---------|-------------------|-------------------|-------------------|
|              |     0   |         48.127115 |         13.022743 |          1.000000 |
|              |---------|-------------------|-------------------|-------------------|
|              |     0   |         20.365074 |          6.832420 |          1.000000 |
|              |---------|-------------------|-------------------|-------------------|
|              |     0   |          8.088360 |          3.418263 |          1.000000 |
|              |---------|-------------------|-------------------|-------------------|
|              |     0   |          2.506866 |          1.419902 |          1.000000 |
|              |---------|-------------------|-------------------|-------------------|
|              |     0   |          1.243854 |          0.839435 |          1.000000 |
|              |---------|-------------------|-------------------|-------------------|
|              |     0   |          0.484499 |          0.413885 |          1.000000 |
|              |---------|-------------------|-------------------|-------------------|
|              |     0   |          0.191852 |          0.206602 |          1.000000 |
|              |---------|-------------------|-------------------|-------------------|
|              |     1   |        102.991762 |        467.673972 |          1.000000 |
|              |---------|-------------------|-------------------|-------------------|
|              |     1   |         28.132594 |         92.353277 |          1.000000 |
|              |---------|-------------------|-------------------|-------------------|
|              |     1   |          9.836432 |         24.830592 |          1.000000 |
|              |---------|-------------------|-------------------|-------------------|
|              |     1   |          3.349054 |          6.457923 |          1.000000 |
|              |---------|-------------------|-------------------|-------------------|
|              |     1   |          1.494762 |          2.355890 |          1.000000 |
|              |---------|-------------------|-------------------|-------------------|
|              |     1   |          0.576901 |          0.716666 |          1.000000 |
|              |---------|-------------------|-------------------|-------------------|
|              |     1   |          0.203201 |          0.194467 |          1.000000 |
|              |---------|-------------------|-------------------|-------------------|
|              |     2   |         10.594068 |        102.392773 |          1.000000 |
|              |---------|-------------------|-------------------|-------------------|
|              |     2   |          3.599720 |         15.483874 |          1.000000 |
|              |---------|-------------------|-------------------|-------------------|
|              |     2   |          1.335569 |          2.731025 |          1.000000 |
|              |---------|-------------------|-------------------|-------------------|
|              |     2   |          0.519498 |          0.523216 |          1.000000 |
|              |---------|-------------------|-------------------|-------------------|
|              |     2   |          0.199541 |          0.098054 |          1.000000 |
|              |---------|-------------------|-------------------|-------------------|
|              |     3   |          1.194866 |          2.197470 |          1.000000 |
|              |---------|-------------------|-------------------|-------------------|
|              |     3   |          0.415866 |          0.204456 |          1.000000 |
|--------------|---------|-------------------|-------------------|-------------------|
|   C (  7)    |         |                   |                   |                   |
|              |     0   |       1113.986772 |        137.426383 |          1.000000 |
|              |---------|-------------------|-------------------|-------------------|
|              |     0   |        369.162342 |         60.023752 |          1.000000 |
|              |---------|-------------------|-------------------|-------------------|
|              |     0   |        121.792752 |         26.129204 |          1.000000 |
|              |---------|-------------------|-------------------|-------------------|
|              |     0   |         48.127115 |         13.022743 |          1.000000 |
|              |---------|-------------------|-------------------|-------------------|
|              |     0   |         20.365074 |          6.832420 |          1.000000 |
|              |---------|-------------------|-------------------|-------------------|
|              |     0   |          8.088360 |          3.418263 |          1.000000 |
|              |---------|-------------------|-------------------|-------------------|
|              |     0   |          2.506866 |          1.419902 |          1.000000 |
|              |---------|-------------------|-------------------|-------------------|
|              |     0   |          1.243854 |          0.839435 |          1.000000 |
|              |---------|-------------------|-------------------|-------------------|
|              |     0   |          0.484499 |          0.413885 |          1.000000 |
|              |---------|-------------------|-------------------|-------------------|
|              |     0   |          0.191852 |          0.206602 |          1.000000 |
|              |---------|-------------------|-------------------|-------------------|
|              |     1   |        102.991762 |        467.673972 |          1.000000 |
|              |---------|-------------------|-------------------|-------------------|
|              |     1   |         28.132594 |         92.353277 |          1.000000 |
|              |---------|-------------------|-------------------|-------------------|
|              |     1   |          9.836432 |         24.830592 |          1.000000 |
|              |---------|-------------------|-------------------|-------------------|
|              |     1   |          3.349054 |          6.457923 |          1.000000 |
|              |---------|-------------------|-------------------|-------------------|
|              |     1   |          1.494762 |          2.355890 |          1.000000 |
|              |---------|-------------------|-------------------|-------------------|
|              |     1   |          0.576901 |          0.716666 |          1.000000 |
|              |---------|-------------------|-------------------|-------------------|
|              |     1   |          0.203201 |          0.194467 |          1.000000 |
|              |---------|-------------------|-------------------|-------------------|
|              |     2   |         10.594068 |        102.392773 |          1.000000 |
|              |---------|-------------------|-------------------|-------------------|
|              |     2   |          3.599720 |         15.483874 |          1.000000 |
|              |---------|-------------------|-------------------|-------------------|
|              |     2   |          1.335569 |          2.731025 |          1.000000 |
|              |---------|-------------------|-------------------|-------------------|
|              |     2   |          0.519498 |          0.523216 |          1.000000 |
|              |---------|-------------------|-------------------|-------------------|
|              |     2   |          0.199541 |          0.098054 |          1.000000 |
|              |---------|-------------------|-------------------|-------------------|
|              |     3   |          1.194866 |          2.197470 |          1.000000 |
|              |---------|-------------------|-------------------|-------------------|
|              |     3   |          0.415866 |          0.204456 |          1.000000 |
|--------------|---------|-------------------|-------------------|-------------------|
|   H (  8)    |         |                   |                   |                   |
|              |     0   |          9.530249 |          3.865790 |          1.000000 |
|              |---------|-------------------|-------------------|-------------------|
|              |     0   |          1.917451 |          1.161324 |          1.000000 |
|              |---------|-------------------|-------------------|-------------------|
|              |     0   |          0.684240 |          0.536187 |          1.000000 |
|              |---------|-------------------|-------------------|-------------------|
|              |     0   |          0.284133 |          0.277364 |          1.000000 |
|              |---------|-------------------|-------------------|-------------------|
|              |     1   |          2.913323 |          5.425327 |          1.000000 |
|              |---------|-------------------|-------------------|-------------------|
|              |     1   |          1.262121 |          1.906848 |          1.000000 |
|              |---------|-------------------|-------------------|-------------------|
|              |     1   |          0.501998 |          0.602306 |          1.000000 |
|              |---------|-------------------|-------------------|-------------------|
|              |     2   |          2.313533 |          7.143185 |          1.000000 |
|              |---------|-------------------|-------------------|-------------------|
|              |     2   |          0.712907 |          0.910369 |          1.000000 |
|--------------|---------|-------------------|-------------------|-------------------|
|   H (  9)    |         |                   |                   |                   |
|              |     0   |          9.530249 |          3.865790 |          1.000000 |
|              |---------|-------------------|-------------------|-------------------|
|              |     0   |          1.917451 |          1.161324 |          1.000000 |
|              |---------|-------------------|-------------------|-------------------|
|              |     0   |          0.684240 |          0.536187 |          1.000000 |
|              |---------|-------------------|-------------------|-------------------|
|              |     0   |          0.284133 |          0.277364 |          1.000000 |
|              |---------|-------------------|-------------------|-------------------|
|              |     1   |          2.913323 |          5.425327 |          1.000000 |
|              |---------|-------------------|-------------------|-------------------|
|              |     1   |          1.262121 |          1.906848 |          1.000000 |
|              |---------|-------------------|-------------------|-------------------|
|              |     1   |          0.501998 |          0.602306 |          1.000000 |
|              |---------|-------------------|-------------------|-------------------|
|              |     2   |          2.313533 |          7.143185 |          1.000000 |
|              |---------|-------------------|-------------------|-------------------|
|              |     2   |          0.712907 |          0.910369 |          1.000000 |
|--------------|---------|-------------------|-------------------|-------------------|
|   H ( 10)    |         |                   |                   |                   |
|              |     0   |          9.530249 |          3.865790 |          1.000000 |
|              |---------|-------------------|-------------------|-------------------|
|              |     0   |          1.917451 |          1.161324 |          1.000000 |
|              |---------|-------------------|-------------------|-------------------|
|              |     0   |          0.684240 |          0.536187 |          1.000000 |
|              |---------|-------------------|-------------------|-------------------|
|              |     0   |          0.284133 |          0.277364 |          1.000000 |
|              |---------|-------------------|-------------------|-------------------|
|              |     1   |          2.913323 |          5.425327 |          1.000000 |
|              |---------|-------------------|-------------------|-------------------|
|              |     1   |          1.262121 |          1.906848 |          1.000000 |
|              |---------|-------------------|-------------------|-------------------|
|              |     1   |          0.501998 |          0.602306 |          1.000000 |
|              |---------|-------------------|-------------------|-------------------|
|              |     2   |          2.313533 |          7.143185 |          1.000000 |
|              |---------|-------------------|-------------------|-------------------|
|              |     2   |          0.712907 |          0.910369 |          1.000000 |
|--------------|---------|-------------------|-------------------|-------------------|
|   H ( 11)    |         |                   |                   |                   |
|              |     0   |          9.530249 |          3.865790 |          1.000000 |
|              |---------|-------------------|-------------------|-------------------|
|              |     0   |          1.917451 |          1.161324 |          1.000000 |
|              |---------|-------------------|-------------------|-------------------|
|              |     0   |          0.684240 |          0.536187 |          1.000000 |
|              |---------|-------------------|-------------------|-------------------|
|              |     0   |          0.284133 |          0.277364 |          1.000000 |
|              |---------|-------------------|-------------------|-------------------|
|              |     1   |          2.913323 |          5.425327 |          1.000000 |
|              |---------|-------------------|-------------------|-------------------|
|              |     1   |          1.262121 |          1.906848 |          1.000000 |
|              |---------|-------------------|-------------------|-------------------|
|              |     1   |          0.501998 |          0.602306 |          1.000000 |
|              |---------|-------------------|-------------------|-------------------|
|              |     2   |          2.313533 |          7.143185 |          1.000000 |
|              |---------|-------------------|-------------------|-------------------|
|              |     2   |          0.712907 |          0.910369 |          1.000000 |
|______________|_________|___________________|___________________|___________________|



 Pseudopotential information:

 ________________________________________________________________ 





Calculation of 1-el matrices:
Time to step -    0.25463
Full time    -    0.25463



______________________Starting_CASSCF_calculations_____________________

Number of states                  2
State multiplicity                2 (doublet)

Active space:
Number of alpha electrons         7
Number of beta  electrons         6
Number of active orbitals         10

Number of core orbitals:          22

Preparation of virtual orbitals:  yes
State tracking:                   no 
State averaging:
Weights:	all equal to 1

SCF settings:
Energy convergence:               1.000000e-12
Orbital gradient convergence:     1.000000e-06
Rotation matrix convergence :     1.000000e-07
Maximum number of iterations:     50
Maximum SOSCF step          :     1.000000e-01

CI solver:                        determinant CI (aldet)
Davidson diagonalization settings:
Number of correlation vectors:    10
Number of basis functions:        300
Maximum number of iterations:     250
Energy convergence:               1.000000e-10
Residue convergence:              5.000000e-08
Orthogonality cut-off:            1.000000e-08
Energy denominator shift:         3.000000e-02
Sparsed multiplication:           no

_______________________________________________________________________




RI integrals calculation:
Time to step -    0.21144
Full time    -    0.46607


____________________Starting_Davidson_diagonalization__________________


Step 0
_________________________________________________
  n | E                 | dE         | norm(r)   |
____|___________________|____________|___________|
  0 |   -379.2746394906 | -3.793e+02 | 2.167e-02 |
  1 |   -379.1770200198 | -3.792e+02 | 3.150e-02 |
____|___________________|____________|___________|
number of corr vectors=301
0 roots converged at step 0


Step 1
_________________________________________________
  n | E                 | dE         | norm(r)   |
____|___________________|____________|___________|
  0 |   -379.2967207672 | -2.208e-02 | 1.546e-03 |
  1 |   -379.2122752126 | -3.526e-02 | 3.200e-03 |
____|___________________|____________|___________|
number of corr vectors=305
0 roots converged at step 1


Step 2
_________________________________________________
  n | E                 | dE         | norm(r)   |
____|___________________|____________|___________|
  0 |   -379.2977488311 | -1.028e-03 | 1.690e-04 |
  1 |   -379.2145479065 | -2.273e-03 | 4.526e-04 |
____|___________________|____________|___________|
number of corr vectors=307
0 roots converged at step 2


Step 3
_________________________________________________
  n | E                 | dE         | norm(r)   |
____|___________________|____________|___________|
  0 |   -379.2978407615 | -9.193e-05 | 2.267e-05 |
  1 |   -379.2148133124 | -2.654e-04 | 6.444e-05 |
____|___________________|____________|___________|
number of corr vectors=309
0 roots converged at step 3


Step 4
_________________________________________________
  n | E                 | dE         | norm(r)   |
____|___________________|____________|___________|
  0 |   -379.2978520043 | -1.124e-05 | 3.079e-06 |
  1 |   -379.2148501996 | -3.689e-05 | 1.035e-05 |
____|___________________|____________|___________|
number of corr vectors=311
0 roots converged at step 4


Step 5
_________________________________________________
  n | E                 | dE         | norm(r)   |
____|___________________|____________|___________|
  0 |   -379.2978532440 | -1.240e-06 | 6.764e-07 |
  1 |   -379.2148543290 | -4.129e-06 | 2.357e-06 |
____|___________________|____________|___________|
number of corr vectors=305
0 roots converged at step 5


Step 6
_________________________________________________
  n | E                 | dE         | norm(r)   |
____|___________________|____________|___________|
  0 |   -379.2978536090 | -3.650e-07 | 1.090e-07 |
  1 |   -379.2148557457 | -1.417e-06 | 4.834e-07 |
____|___________________|____________|___________|
number of corr vectors=307
0 roots converged at step 6


Step 7
_________________________________________________
  n | E                 | dE         | norm(r)   |
____|___________________|____________|___________|
  0 |   -379.2978536692 | -6.018e-08 | 1.457e-08 |
  1 |   -379.2148560400 | -2.943e-07 | 8.544e-08 |
____|___________________|____________|___________|
number of corr vectors=309
1 roots converged at step 7


Step 8
_________________________________________________
  n | E                 | dE         | norm(r)   |
____|___________________|____________|___________|
  0 |   -379.2978536692 | -1.023e-12 | 1.457e-08 |
  1 |   -379.2148560830 | -4.310e-08 | 1.679e-08 |
____|___________________|____________|___________|
number of corr vectors=310
2 roots converged at step 8


CAS_CI WaveFunctions:

State 0  E  =    -379.2978536692 S^2 = 0.75:
-9.5037479258e-01  | 1111111000 | 1111110000
-1.2052255840e-01  | 1111101100 | 1111100100
 8.0682334175e-02  | 1111101100 | 1111011000
 7.8541780754e-02  | 1111110010 | 1111011000
-6.9257957680e-02  | 1111100110 | 1111110000
 6.2985363299e-02  | 1111110100 | 1111100010
 5.9536785925e-02  | 1111011010 | 1111110000
 5.6315773960e-02  | 1111011100 | 1111101000
-5.4312905798e-02  | 1111111000 | 1011111000
-5.3059614108e-02  | 1111011100 | 1111010100
State 1  E  =    -379.2148560830 S^2 = 0.75:
-9.2757961019e-01  | 1111110100 | 1111110000
 1.5474977164e-01  | 1111011100 | 1111011000
 1.1021441369e-01  | 1111111000 | 1111100010
-9.5150255257e-02  | 1111011100 | 1111100100
-8.1428119537e-02  | 1111110100 | 1111010010
-7.1912808609e-02  | 1111101010 | 1111110000
 7.1606119389e-02  | 1111101100 | 1111101000
-6.9545227451e-02  | 1111101100 | 1111010100
-6.8327142707e-02  | 1111110001 | 1111100010
 6.2546217007e-02  | 1011111100 | 1011111000


Davidson diagonalization:
Time to step -    0.42492
Full time    -    0.89099
_______________________________________________________________________


CAS_SCF density averaging:
__________________________________________
 State| E                 | S^2  | weight |
______|___________________|______|________|
    0 |   -379.2978536692 | 0.75 | 1.00   |
    1 |   -379.2148560831 | 0.75 | 1.00   |
______|___________________|______|________|

Start CAS_SCF iterations
_________________________________________________________________________________
  N | E                 | dE         | LAG.ASYM. | ROT.STEP  | N_dav | sweep_dE  |
____|___________________|____________|___________|___________|_______|___________|
  0 |   -379.2563548762 | -3.793e+02 | 1.021e-01 | 1.000e+00 |   0   | 0.000e+00 |
SOSCF is scaling rotation angle matrix Xmax=0.315406     |
  1 |   -379.2748507534 | -1.850e-02 | 6.985e-02 | 1.000e-01 |   5   | 0.000e+00 |
SOSCF is scaling rotation angle matrix Xmax=0.572136     |
  2 |   -379.2846345281 | -9.784e-03 | 5.449e-02 | 1.000e-01 |   5   | 0.000e+00 |
SOSCF is scaling rotation angle matrix Xmax=0.375268     |
  3 |   -379.2927429764 | -8.108e-03 | 3.772e-02 | 1.000e-01 |   5   | 0.000e+00 |
SOSCF is scaling rotation angle matrix Xmax=0.154317     |
  4 |   -379.2985946470 | -5.852e-03 | 1.194e-02 | 1.000e-01 |   6   | 0.000e+00 |
  5 |   -379.2991708622 | -5.762e-04 | 4.112e-03 | 3.091e-02 |   4   | 0.000e+00 |
  6 |   -379.2991915415 | -2.068e-05 | 1.107e-03 | 1.250e-02 |   2   | 0.000e+00 |
  7 |   -379.2991955104 | -3.969e-06 | 2.957e-04 | 1.188e-02 |   2   | 0.000e+00 |
  8 |   -379.2991961567 | -6.463e-07 | 2.705e-04 | 6.411e-03 |   0   | 0.000e+00 |
  9 |   -379.2991965590 | -4.023e-07 | 1.056e-04 | 5.580e-03 |   1   | 0.000e+00 |
 10 |   -379.2991966265 | -6.752e-08 | 1.008e-04 | 4.904e-03 |   0   | 0.000e+00 |
 11 |   -379.2991966399 | -1.336e-08 | 4.004e-05 | 3.838e-04 |   0   | 0.000e+00 |
 12 |   -379.2991966436 | -3.693e-09 | 7.267e-06 | 1.601e-04 |   0   | 0.000e+00 |
 13 |   -379.2991966439 | -3.453e-10 | 3.109e-06 | 1.421e-04 |   0   | 0.000e+00 |
 14 |   -379.2991966440 | -8.470e-11 | 2.360e-06 | 9.589e-05 |   0   | 0.000e+00 |
 15 |   -379.2991966439 |  6.162e-11 | 1.129e-06 | 2.447e-05 |   0   | 0.000e+00 |
 16 |   -379.2991966439 |  3.695e-11 | 3.633e-07 | 2.878e-05 |   0   | 0.000e+00 |
____|___________________|____________|___________|___________|_______|

Lagrangian converged after 16 iterations

CAS_SCF iterations:
Time to step -    3.54894
Full time    -    4.43994
Preparation of canonical orbitals:
Time to step -    0.14146
Full time    -    4.58139
CAS_SCF WaveFunctions:

State 0  E  =    -379.3383297972 S^2 = 0.75:
 9.2808239694e-01  | 1111111000 | 1111110000
 1.2779713684e-01  | 1111101100 | 1111100100
 1.0649571763e-01  | 1111111000 | 1011111000
-9.2664101255e-02  | 1111110010 | 1111011000
-8.6921647516e-02  | 1111101100 | 1111011000
-8.3364870073e-02  | 1111111000 | 1111010010
 6.1671276850e-02  | 1111011100 | 1111010100
-6.0708920449e-02  | 1111011100 | 1111101000
 6.0170234216e-02  | 1011111010 | 1011110010
-5.5337907881e-02  | 1111011010 | 1011111000
State 1  E  =    -379.2600634906 S^2 = 0.75:
-9.1420800608e-01  | 1111110100 | 1111110000
 1.8350273700e-01  | 1111011100 | 1111011000
-1.0102441581e-01  | 1111011100 | 1111100100
 7.9814280421e-02  | 1111111000 | 1111100010
 7.8744992970e-02  | 1111101100 | 1111101000
-7.7999530997e-02  | 1111101100 | 1111010100
-7.6351669979e-02  | 1011111100 | 1111010010
 6.9910197654e-02  | 1111010110 | 1011111000
 6.6847720556e-02  | 1011111100 | 1011111000
-6.2045492041e-02  | 1011110110 | 1011110010


CAS_SCF density averaging:
__________________________________________
 State| E                 | S^2  | weight |
______|___________________|______|________|
    0 |   -379.3383297972 | 0.75 | 1.00   |
    1 |   -379.2600634906 | 0.75 | 1.00   |
______|___________________|______|________|


CAS_SCF Energy summary:
E[  0] = -379.3383297972
E[  1] = -379.2600634906 | 2.1297 eV


CAS_SCF Dipole moment:

d[  0,  0] = {-1.518426e-08,-2.121236e-11,-1.343777e-10} |d| = 1.518487e-08
d[  0,  1] = { 3.207855e-10,-1.320156e+00,-2.855649e-09} |d| = 1.320156e+00

d[  1,  0] = { 3.207854e-10,-1.320156e+00,-2.855649e-09} |d| = 1.320156e+00
d[  1,  1] = {-2.519851e-08, 4.671204e-12, 1.235718e-10} |d| = 2.519882e-08




Writing CAS_SCF canonical orbitals:
visualization file: pBQ_2B2_CAS.out
data file         : pBQ_2B2_CAS.orb

Writing CAS_SCF natural orbitals:
visualization file: pBQ_2B2_CAS_NatOrb.out
data file         : pBQ_2B2_CAS_NatOrb.orb

_______________________________________________________________________


CAS_SCF:
Time to step -    0.02452
Full time    -    4.60592


Calculation finished at: 12:13 (EEST), 10 July 2026 (Friday).
