
NonOrtogonal quantum chemistry and Perturbation Theory
                  NOPT version 3.2


sQM - standart QM module.

Compilation options:
1) linear algebra package - OpenBLAS
2) non-parallel BLAS matrix multiplication in the OMP parallel cycles

selected command  line options:
-i           pBQ_2A_DMRG.inp	 input file

Calculation started at: 15:47 (EEST), 11 July 2026 (Saturday).

_______________________________________________________________________

Input file:

   0: $PAR NUM_THREADS=16 N_MOL=1 RHF=0 CAS=1 D5=1 RI=1 NAME=pBQ_2B2 $PAREND
   1: $MOL
   2:  _CHARGE=-1;
   3:  _BASIS=cc-pvdz;
   4:  _RI_BASIS=cc-pvdz-jkfit;
   5:  _UNITS= ang;
   6:  _xyz
   7: 12
   8: pBQ- 2A (D2, twisted) | MRMP2/d-aug-cc-pVTZ | Angstrom
   9: C    -1.4365365158    0.0000000000    0.0000000000
  10: C     1.4365365158    0.0000000000    0.0000000000
  11: O    -2.6866039788    0.0000000000    0.0000000000
  12: O     2.6866039788    0.0000000000    0.0000000000
  13: C    -0.6867858251   -1.2538739222    0.1540165049
  14: C     0.6867858251   -1.2538739222   -0.1540165049
  15: C    -0.6867858251    1.2538739222   -0.1540165049
  16: C     0.6867858251    1.2538739222    0.1540165049
  17: H    -1.2757216894   -2.1643648836    0.1703096948
  18: H     1.2757216894   -2.1643648836   -0.1703096948
  19: H    -1.2757216894    2.1643648836   -0.1703096948
  20: H     1.2757216894    2.1643648836    0.1703096948
  21: $END
  22: $act_space n_alp=7 n_bet=6 n_val=10 mult=2 p_n=10 reorder=1 orbitals=21,24,25,26,27,28,29,30,31,36; $end
  23: _MO INP=pBQ_2B2_RHF.orb
  24: $CAS n_s=2 w_state=all_1; cisolver=dmrg maxit=50 dE=1e-12 grad=1e-6 p_cutoff=0.03 $END
  25: $DMRG m=300 sweep_tol=1e-10 localize=pm dump_loc_orbs=on extract_m=300 $END
_______________________________________________________________________



_____________________________Input_summary_____________________________


Number of threads:  16

Job name: pBQ_2B2

Methods:
Restricted Hartree-Fock                          -     no 
Complete Active Space SCF                        -     yes
eXtended MultiConfiguration QuasiDegenerate PT   -     no 
Complete Degenerate Active Space PT              -     no 
Settings:
D5                                               -     yes
Resolution of Identity                           -     yes
Spin-orbit                                       -     no 
Symmetry point group                             -     no(C1)
Printing:
dipole moment                                    -     yes
electron dispersion                              -     no 
quadrupole moment                                -     no 
Mulliken charges                                 -     no 
_______________________________________________________________________


Reading molecule:
-----------------------------------------------------------------------

WARNING: read_cl is blocked in the 3.0 version

                      units    = ang
                      charge   = -1
                      basis    = cc-pvdz (library)
                      RI basis = cc-pvdz-jkfit (library)
                      included   pBQ_2B2_RHF.orb (orbitals)
WARNING:              Orbitals are reordered
                      Active space orbitals: 21 24 25 26 27 28 29 30 31 36
_______________________________________________________________________

Molecule structure (a.u.):
 ________________________________________________________________________________________
| Atom |    C    |     X     |     Y     |     Z     |   n_ecp   |     q     |    type   |
| _____|_________|___________|___________|___________|___________|___________|___________|
|  C   |     6   |    -2.715 |     0.000 |     0.000 |           |           |    real   |
|  C   |     6   |     2.715 |     0.000 |     0.000 |           |           |    real   |
|  O   |     8   |    -5.077 |     0.000 |     0.000 |           |           |    real   |
|  O   |     8   |     5.077 |     0.000 |     0.000 |           |           |    real   |
|  C   |     6   |    -1.298 |    -2.369 |     0.291 |           |           |    real   |
|  C   |     6   |     1.298 |    -2.369 |    -0.291 |           |           |    real   |
|  C   |     6   |    -1.298 |     2.369 |    -0.291 |           |           |    real   |
|  C   |     6   |     1.298 |     2.369 |     0.291 |           |           |    real   |
|  H   |     1   |    -2.411 |    -4.090 |     0.322 |           |           |    real   |
|  H   |     1   |     2.411 |    -4.090 |    -0.322 |           |           |    real   |
|  H   |     1   |    -2.411 |     4.090 |    -0.322 |           |           |    real   |
|  H   |     1   |     2.411 |     4.090 |     0.322 |           |           |    real   |
| _____|_________|___________|___________|___________|___________|___________|___________|

Molecule contains 57 electrons

C - nuclear charge (a.u.)
q - additional (partial) charge (a.u.)
n_ecp - number of electrons frozen by ECP
X,Y,Z - cartesian coordinates (Bohr)



 Basis set information:

 ____________________________________________________________________________________
|     Atom     |    L    |       alpha       |         c         |       c(lib)      |
|______________|_________|___________________|___________________|___________________|
|   C (  0)    |         |                   |                   |                   |
|              |     0   |       6665.000000 |          0.363584 |          0.000692 |
|              |         |       1000.000000 |          0.674986 |          0.005329 |
|              |         |        228.000000 |          1.131620 |          0.027077 |
|              |         |         64.710000 |          1.653009 |          0.101718 |
|              |         |         21.060000 |          1.923821 |          0.274740 |
|              |         |          7.495000 |          1.447278 |          0.448564 |
|              |         |          2.797000 |          0.439163 |          0.285074 |
|              |         |          0.521500 |          0.006646 |          0.015204 |
|              |---------|-------------------|-------------------|-------------------|
|              |     0   |       6665.000000 |         -0.154180 |         -0.000146 |
|              |         |       1000.000000 |         -0.293785 |         -0.001154 |
|              |         |        228.000000 |         -0.480896 |         -0.005725 |
|              |         |         64.710000 |         -0.761434 |         -0.023312 |
|              |         |         21.060000 |         -0.900104 |         -0.063955 |
|              |         |          7.495000 |         -0.972611 |         -0.149981 |
|              |         |          2.797000 |         -0.394042 |         -0.127262 |
|              |         |          0.521500 |          0.478394 |          0.544529 |
|              |---------|-------------------|-------------------|-------------------|
|              |     0   |          0.159600 |          0.179964 |          1.000000 |
|              |---------|-------------------|-------------------|-------------------|
|              |     1   |          9.439000 |          1.343737 |          0.038109 |
|              |         |          2.002000 |          1.063168 |          0.209480 |
|              |         |          0.545600 |          0.508232 |          0.508557 |
|              |---------|-------------------|-------------------|-------------------|
|              |     1   |          0.151700 |          0.134950 |          1.000000 |
|              |---------|-------------------|-------------------|-------------------|
|              |     2   |          0.550000 |          0.578155 |          1.000000 |
|--------------|---------|-------------------|-------------------|-------------------|
|   C (  1)    |         |                   |                   |                   |
|              |     0   |       6665.000000 |          0.363584 |          0.000692 |
|              |         |       1000.000000 |          0.674986 |          0.005329 |
|              |         |        228.000000 |          1.131620 |          0.027077 |
|              |         |         64.710000 |          1.653009 |          0.101718 |
|              |         |         21.060000 |          1.923821 |          0.274740 |
|              |         |          7.495000 |          1.447278 |          0.448564 |
|              |         |          2.797000 |          0.439163 |          0.285074 |
|              |         |          0.521500 |          0.006646 |          0.015204 |
|              |---------|-------------------|-------------------|-------------------|
|              |     0   |       6665.000000 |         -0.154180 |         -0.000146 |
|              |         |       1000.000000 |         -0.293785 |         -0.001154 |
|              |         |        228.000000 |         -0.480896 |         -0.005725 |
|              |         |         64.710000 |         -0.761434 |         -0.023312 |
|              |         |         21.060000 |         -0.900104 |         -0.063955 |
|              |         |          7.495000 |         -0.972611 |         -0.149981 |
|              |         |          2.797000 |         -0.394042 |         -0.127262 |
|              |         |          0.521500 |          0.478394 |          0.544529 |
|              |---------|-------------------|-------------------|-------------------|
|              |     0   |          0.159600 |          0.179964 |          1.000000 |
|              |---------|-------------------|-------------------|-------------------|
|              |     1   |          9.439000 |          1.343737 |          0.038109 |
|              |         |          2.002000 |          1.063168 |          0.209480 |
|              |         |          0.545600 |          0.508232 |          0.508557 |
|              |---------|-------------------|-------------------|-------------------|
|              |     1   |          0.151700 |          0.134950 |          1.000000 |
|              |---------|-------------------|-------------------|-------------------|
|              |     2   |          0.550000 |          0.578155 |          1.000000 |
|--------------|---------|-------------------|-------------------|-------------------|
|   O (  2)    |         |                   |                   |                   |
|              |     0   |      11720.000000 |          0.569702 |          0.000710 |
|              |         |       1759.000000 |          1.058352 |          0.005470 |
|              |         |        400.800000 |          1.776281 |          0.027837 |
|              |         |        113.700000 |          2.599412 |          0.104800 |
|              |         |         37.030000 |          3.026846 |          0.283062 |
|              |         |         13.270000 |          2.222394 |          0.448719 |
|              |         |          5.025000 |          0.647795 |          0.270952 |
|              |         |          1.013000 |          0.011119 |          0.015458 |
|              |---------|-------------------|-------------------|-------------------|
|              |     0   |      11720.000000 |         -0.252434 |         -0.000160 |
|              |         |       1759.000000 |         -0.480491 |         -0.001263 |
|              |         |        400.800000 |         -0.786300 |         -0.006267 |
|              |         |        113.700000 |         -1.254170 |         -0.025716 |
|              |         |         37.030000 |         -1.491218 |         -0.070924 |
|              |         |         13.270000 |         -1.610832 |         -0.165411 |
|              |         |          5.025000 |         -0.549798 |         -0.116955 |
|              |         |          1.013000 |          0.788282 |          0.557368 |
|              |---------|-------------------|-------------------|-------------------|
|              |     0   |          0.302300 |          0.290562 |          1.000000 |
|              |---------|-------------------|-------------------|-------------------|
|              |     1   |         17.700000 |          3.243619 |          0.043018 |
|              |         |          3.854000 |          2.567280 |          0.228913 |
|              |         |          1.046000 |          1.117669 |          0.508728 |
|              |---------|-------------------|-------------------|-------------------|
|              |     1   |          0.275300 |          0.284248 |          1.000000 |
|              |---------|-------------------|-------------------|-------------------|
|              |     2   |          1.185000 |          2.215218 |          1.000000 |
|--------------|---------|-------------------|-------------------|-------------------|
|   O (  3)    |         |                   |                   |                   |
|              |     0   |      11720.000000 |          0.569702 |          0.000710 |
|              |         |       1759.000000 |          1.058352 |          0.005470 |
|              |         |        400.800000 |          1.776281 |          0.027837 |
|              |         |        113.700000 |          2.599412 |          0.104800 |
|              |         |         37.030000 |          3.026846 |          0.283062 |
|              |         |         13.270000 |          2.222394 |          0.448719 |
|              |         |          5.025000 |          0.647795 |          0.270952 |
|              |         |          1.013000 |          0.011119 |          0.015458 |
|              |---------|-------------------|-------------------|-------------------|
|              |     0   |      11720.000000 |         -0.252434 |         -0.000160 |
|              |         |       1759.000000 |         -0.480491 |         -0.001263 |
|              |         |        400.800000 |         -0.786300 |         -0.006267 |
|              |         |        113.700000 |         -1.254170 |         -0.025716 |
|              |         |         37.030000 |         -1.491218 |         -0.070924 |
|              |         |         13.270000 |         -1.610832 |         -0.165411 |
|              |         |          5.025000 |         -0.549798 |         -0.116955 |
|              |         |          1.013000 |          0.788282 |          0.557368 |
|              |---------|-------------------|-------------------|-------------------|
|              |     0   |          0.302300 |          0.290562 |          1.000000 |
|              |---------|-------------------|-------------------|-------------------|
|              |     1   |         17.700000 |          3.243619 |          0.043018 |
|              |         |          3.854000 |          2.567280 |          0.228913 |
|              |         |          1.046000 |          1.117669 |          0.508728 |
|              |---------|-------------------|-------------------|-------------------|
|              |     1   |          0.275300 |          0.284248 |          1.000000 |
|              |---------|-------------------|-------------------|-------------------|
|              |     2   |          1.185000 |          2.215218 |          1.000000 |
|--------------|---------|-------------------|-------------------|-------------------|
|   C (  4)    |         |                   |                   |                   |
|              |     0   |       6665.000000 |          0.363584 |          0.000692 |
|              |         |       1000.000000 |          0.674986 |          0.005329 |
|              |         |        228.000000 |          1.131620 |          0.027077 |
|              |         |         64.710000 |          1.653009 |          0.101718 |
|              |         |         21.060000 |          1.923821 |          0.274740 |
|              |         |          7.495000 |          1.447278 |          0.448564 |
|              |         |          2.797000 |          0.439163 |          0.285074 |
|              |         |          0.521500 |          0.006646 |          0.015204 |
|              |---------|-------------------|-------------------|-------------------|
|              |     0   |       6665.000000 |         -0.154180 |         -0.000146 |
|              |         |       1000.000000 |         -0.293785 |         -0.001154 |
|              |         |        228.000000 |         -0.480896 |         -0.005725 |
|              |         |         64.710000 |         -0.761434 |         -0.023312 |
|              |         |         21.060000 |         -0.900104 |         -0.063955 |
|              |         |          7.495000 |         -0.972611 |         -0.149981 |
|              |         |          2.797000 |         -0.394042 |         -0.127262 |
|              |         |          0.521500 |          0.478394 |          0.544529 |
|              |---------|-------------------|-------------------|-------------------|
|              |     0   |          0.159600 |          0.179964 |          1.000000 |
|              |---------|-------------------|-------------------|-------------------|
|              |     1   |          9.439000 |          1.343737 |          0.038109 |
|              |         |          2.002000 |          1.063168 |          0.209480 |
|              |         |          0.545600 |          0.508232 |          0.508557 |
|              |---------|-------------------|-------------------|-------------------|
|              |     1   |          0.151700 |          0.134950 |          1.000000 |
|              |---------|-------------------|-------------------|-------------------|
|              |     2   |          0.550000 |          0.578155 |          1.000000 |
|--------------|---------|-------------------|-------------------|-------------------|
|   C (  5)    |         |                   |                   |                   |
|              |     0   |       6665.000000 |          0.363584 |          0.000692 |
|              |         |       1000.000000 |          0.674986 |          0.005329 |
|              |         |        228.000000 |          1.131620 |          0.027077 |
|              |         |         64.710000 |          1.653009 |          0.101718 |
|              |         |         21.060000 |          1.923821 |          0.274740 |
|              |         |          7.495000 |          1.447278 |          0.448564 |
|              |         |          2.797000 |          0.439163 |          0.285074 |
|              |         |          0.521500 |          0.006646 |          0.015204 |
|              |---------|-------------------|-------------------|-------------------|
|              |     0   |       6665.000000 |         -0.154180 |         -0.000146 |
|              |         |       1000.000000 |         -0.293785 |         -0.001154 |
|              |         |        228.000000 |         -0.480896 |         -0.005725 |
|              |         |         64.710000 |         -0.761434 |         -0.023312 |
|              |         |         21.060000 |         -0.900104 |         -0.063955 |
|              |         |          7.495000 |         -0.972611 |         -0.149981 |
|              |         |          2.797000 |         -0.394042 |         -0.127262 |
|              |         |          0.521500 |          0.478394 |          0.544529 |
|              |---------|-------------------|-------------------|-------------------|
|              |     0   |          0.159600 |          0.179964 |          1.000000 |
|              |---------|-------------------|-------------------|-------------------|
|              |     1   |          9.439000 |          1.343737 |          0.038109 |
|              |         |          2.002000 |          1.063168 |          0.209480 |
|              |         |          0.545600 |          0.508232 |          0.508557 |
|              |---------|-------------------|-------------------|-------------------|
|              |     1   |          0.151700 |          0.134950 |          1.000000 |
|              |---------|-------------------|-------------------|-------------------|
|              |     2   |          0.550000 |          0.578155 |          1.000000 |
|--------------|---------|-------------------|-------------------|-------------------|
|   C (  6)    |         |                   |                   |                   |
|              |     0   |       6665.000000 |          0.363584 |          0.000692 |
|              |         |       1000.000000 |          0.674986 |          0.005329 |
|              |         |        228.000000 |          1.131620 |          0.027077 |
|              |         |         64.710000 |          1.653009 |          0.101718 |
|              |         |         21.060000 |          1.923821 |          0.274740 |
|              |         |          7.495000 |          1.447278 |          0.448564 |
|              |         |          2.797000 |          0.439163 |          0.285074 |
|              |         |          0.521500 |          0.006646 |          0.015204 |
|              |---------|-------------------|-------------------|-------------------|
|              |     0   |       6665.000000 |         -0.154180 |         -0.000146 |
|              |         |       1000.000000 |         -0.293785 |         -0.001154 |
|              |         |        228.000000 |         -0.480896 |         -0.005725 |
|              |         |         64.710000 |         -0.761434 |         -0.023312 |
|              |         |         21.060000 |         -0.900104 |         -0.063955 |
|              |         |          7.495000 |         -0.972611 |         -0.149981 |
|              |         |          2.797000 |         -0.394042 |         -0.127262 |
|              |         |          0.521500 |          0.478394 |          0.544529 |
|              |---------|-------------------|-------------------|-------------------|
|              |     0   |          0.159600 |          0.179964 |          1.000000 |
|              |---------|-------------------|-------------------|-------------------|
|              |     1   |          9.439000 |          1.343737 |          0.038109 |
|              |         |          2.002000 |          1.063168 |          0.209480 |
|              |         |          0.545600 |          0.508232 |          0.508557 |
|              |---------|-------------------|-------------------|-------------------|
|              |     1   |          0.151700 |          0.134950 |          1.000000 |
|              |---------|-------------------|-------------------|-------------------|
|              |     2   |          0.550000 |          0.578155 |          1.000000 |
|--------------|---------|-------------------|-------------------|-------------------|
|   C (  7)    |         |                   |                   |                   |
|              |     0   |       6665.000000 |          0.363584 |          0.000692 |
|              |         |       1000.000000 |          0.674986 |          0.005329 |
|              |         |        228.000000 |          1.131620 |          0.027077 |
|              |         |         64.710000 |          1.653009 |          0.101718 |
|              |         |         21.060000 |          1.923821 |          0.274740 |
|              |         |          7.495000 |          1.447278 |          0.448564 |
|              |         |          2.797000 |          0.439163 |          0.285074 |
|              |         |          0.521500 |          0.006646 |          0.015204 |
|              |---------|-------------------|-------------------|-------------------|
|              |     0   |       6665.000000 |         -0.154180 |         -0.000146 |
|              |         |       1000.000000 |         -0.293785 |         -0.001154 |
|              |         |        228.000000 |         -0.480896 |         -0.005725 |
|              |         |         64.710000 |         -0.761434 |         -0.023312 |
|              |         |         21.060000 |         -0.900104 |         -0.063955 |
|              |         |          7.495000 |         -0.972611 |         -0.149981 |
|              |         |          2.797000 |         -0.394042 |         -0.127262 |
|              |         |          0.521500 |          0.478394 |          0.544529 |
|              |---------|-------------------|-------------------|-------------------|
|              |     0   |          0.159600 |          0.179964 |          1.000000 |
|              |---------|-------------------|-------------------|-------------------|
|              |     1   |          9.439000 |          1.343737 |          0.038109 |
|              |         |          2.002000 |          1.063168 |          0.209480 |
|              |         |          0.545600 |          0.508232 |          0.508557 |
|              |---------|-------------------|-------------------|-------------------|
|              |     1   |          0.151700 |          0.134950 |          1.000000 |
|              |---------|-------------------|-------------------|-------------------|
|              |     2   |          0.550000 |          0.578155 |          1.000000 |
|--------------|---------|-------------------|-------------------|-------------------|
|   H (  8)    |         |                   |                   |                   |
|              |     0   |         13.010000 |          0.163548 |          0.019685 |
|              |         |          1.962000 |          0.277418 |          0.137977 |
|              |         |          0.444600 |          0.315749 |          0.478148 |
|              |---------|-------------------|-------------------|-------------------|
|              |     0   |          0.122000 |          0.147123 |          1.000000 |
|              |---------|-------------------|-------------------|-------------------|
|              |     1   |          0.727000 |          0.956881 |          1.000000 |
|--------------|---------|-------------------|-------------------|-------------------|
|   H (  9)    |         |                   |                   |                   |
|              |     0   |         13.010000 |          0.163548 |          0.019685 |
|              |         |          1.962000 |          0.277418 |          0.137977 |
|              |         |          0.444600 |          0.315749 |          0.478148 |
|              |---------|-------------------|-------------------|-------------------|
|              |     0   |          0.122000 |          0.147123 |          1.000000 |
|              |---------|-------------------|-------------------|-------------------|
|              |     1   |          0.727000 |          0.956881 |          1.000000 |
|--------------|---------|-------------------|-------------------|-------------------|
|   H ( 10)    |         |                   |                   |                   |
|              |     0   |         13.010000 |          0.163548 |          0.019685 |
|              |         |          1.962000 |          0.277418 |          0.137977 |
|              |         |          0.444600 |          0.315749 |          0.478148 |
|              |---------|-------------------|-------------------|-------------------|
|              |     0   |          0.122000 |          0.147123 |          1.000000 |
|              |---------|-------------------|-------------------|-------------------|
|              |     1   |          0.727000 |          0.956881 |          1.000000 |
|--------------|---------|-------------------|-------------------|-------------------|
|   H ( 11)    |         |                   |                   |                   |
|              |     0   |         13.010000 |          0.163548 |          0.019685 |
|              |         |          1.962000 |          0.277418 |          0.137977 |
|              |         |          0.444600 |          0.315749 |          0.478148 |
|              |---------|-------------------|-------------------|-------------------|
|              |     0   |          0.122000 |          0.147123 |          1.000000 |
|              |---------|-------------------|-------------------|-------------------|
|              |     1   |          0.727000 |          0.956881 |          1.000000 |
|______________|_________|___________________|___________________|___________________|



 RI basis set information:

 ____________________________________________________________________________________
|     Atom     |    L    |       alpha       |         c         |       c(lib)      |
|______________|_________|___________________|___________________|___________________|
|   C (  0)    |         |                   |                   |                   |
|              |     0   |       1113.986772 |        137.426383 |          1.000000 |
|              |---------|-------------------|-------------------|-------------------|
|              |     0   |        369.162342 |         60.023752 |          1.000000 |
|              |---------|-------------------|-------------------|-------------------|
|              |     0   |        121.792752 |         26.129204 |          1.000000 |
|              |---------|-------------------|-------------------|-------------------|
|              |     0   |         48.127115 |         13.022743 |          1.000000 |
|              |---------|-------------------|-------------------|-------------------|
|              |     0   |         20.365074 |          6.832420 |          1.000000 |
|              |---------|-------------------|-------------------|-------------------|
|              |     0   |          8.088360 |          3.418263 |          1.000000 |
|              |---------|-------------------|-------------------|-------------------|
|              |     0   |          2.506866 |          1.419902 |          1.000000 |
|              |---------|-------------------|-------------------|-------------------|
|              |     0   |          1.243854 |          0.839435 |          1.000000 |
|              |---------|-------------------|-------------------|-------------------|
|              |     0   |          0.484499 |          0.413885 |          1.000000 |
|              |---------|-------------------|-------------------|-------------------|
|              |     0   |          0.191852 |          0.206602 |          1.000000 |
|              |---------|-------------------|-------------------|-------------------|
|              |     1   |        102.991762 |        467.673972 |          1.000000 |
|              |---------|-------------------|-------------------|-------------------|
|              |     1   |         28.132594 |         92.353277 |          1.000000 |
|              |---------|-------------------|-------------------|-------------------|
|              |     1   |          9.836432 |         24.830592 |          1.000000 |
|              |---------|-------------------|-------------------|-------------------|
|              |     1   |          3.349054 |          6.457923 |          1.000000 |
|              |---------|-------------------|-------------------|-------------------|
|              |     1   |          1.494762 |          2.355890 |          1.000000 |
|              |---------|-------------------|-------------------|-------------------|
|              |     1   |          0.576901 |          0.716666 |          1.000000 |
|              |---------|-------------------|-------------------|-------------------|
|              |     1   |          0.203201 |          0.194467 |          1.000000 |
|              |---------|-------------------|-------------------|-------------------|
|              |     2   |         10.594068 |        102.392773 |          1.000000 |
|              |---------|-------------------|-------------------|-------------------|
|              |     2   |          3.599720 |         15.483874 |          1.000000 |
|              |---------|-------------------|-------------------|-------------------|
|              |     2   |          1.335569 |          2.731025 |          1.000000 |
|              |---------|-------------------|-------------------|-------------------|
|              |     2   |          0.519498 |          0.523216 |          1.000000 |
|              |---------|-------------------|-------------------|-------------------|
|              |     2   |          0.199541 |          0.098054 |          1.000000 |
|              |---------|-------------------|-------------------|-------------------|
|              |     3   |          1.194866 |          2.197470 |          1.000000 |
|              |---------|-------------------|-------------------|-------------------|
|              |     3   |          0.415866 |          0.204456 |          1.000000 |
|--------------|---------|-------------------|-------------------|-------------------|
|   C (  1)    |         |                   |                   |                   |
|              |     0   |       1113.986772 |        137.426383 |          1.000000 |
|              |---------|-------------------|-------------------|-------------------|
|              |     0   |        369.162342 |         60.023752 |          1.000000 |
|              |---------|-------------------|-------------------|-------------------|
|              |     0   |        121.792752 |         26.129204 |          1.000000 |
|              |---------|-------------------|-------------------|-------------------|
|              |     0   |         48.127115 |         13.022743 |          1.000000 |
|              |---------|-------------------|-------------------|-------------------|
|              |     0   |         20.365074 |          6.832420 |          1.000000 |
|              |---------|-------------------|-------------------|-------------------|
|              |     0   |          8.088360 |          3.418263 |          1.000000 |
|              |---------|-------------------|-------------------|-------------------|
|              |     0   |          2.506866 |          1.419902 |          1.000000 |
|              |---------|-------------------|-------------------|-------------------|
|              |     0   |          1.243854 |          0.839435 |          1.000000 |
|              |---------|-------------------|-------------------|-------------------|
|              |     0   |          0.484499 |          0.413885 |          1.000000 |
|              |---------|-------------------|-------------------|-------------------|
|              |     0   |          0.191852 |          0.206602 |          1.000000 |
|              |---------|-------------------|-------------------|-------------------|
|              |     1   |        102.991762 |        467.673972 |          1.000000 |
|              |---------|-------------------|-------------------|-------------------|
|              |     1   |         28.132594 |         92.353277 |          1.000000 |
|              |---------|-------------------|-------------------|-------------------|
|              |     1   |          9.836432 |         24.830592 |          1.000000 |
|              |---------|-------------------|-------------------|-------------------|
|              |     1   |          3.349054 |          6.457923 |          1.000000 |
|              |---------|-------------------|-------------------|-------------------|
|              |     1   |          1.494762 |          2.355890 |          1.000000 |
|              |---------|-------------------|-------------------|-------------------|
|              |     1   |          0.576901 |          0.716666 |          1.000000 |
|              |---------|-------------------|-------------------|-------------------|
|              |     1   |          0.203201 |          0.194467 |          1.000000 |
|              |---------|-------------------|-------------------|-------------------|
|              |     2   |         10.594068 |        102.392773 |          1.000000 |
|              |---------|-------------------|-------------------|-------------------|
|              |     2   |          3.599720 |         15.483874 |          1.000000 |
|              |---------|-------------------|-------------------|-------------------|
|              |     2   |          1.335569 |          2.731025 |          1.000000 |
|              |---------|-------------------|-------------------|-------------------|
|              |     2   |          0.519498 |          0.523216 |          1.000000 |
|              |---------|-------------------|-------------------|-------------------|
|              |     2   |          0.199541 |          0.098054 |          1.000000 |
|              |---------|-------------------|-------------------|-------------------|
|              |     3   |          1.194866 |          2.197470 |          1.000000 |
|              |---------|-------------------|-------------------|-------------------|
|              |     3   |          0.415866 |          0.204456 |          1.000000 |
|--------------|---------|-------------------|-------------------|-------------------|
|   O (  2)    |         |                   |                   |                   |
|              |     0   |       1517.866751 |        173.314671 |          1.000000 |
|              |---------|-------------------|-------------------|-------------------|
|              |     0   |        489.679520 |         74.189774 |          1.000000 |
|              |---------|-------------------|-------------------|-------------------|
|              |     0   |        176.721187 |         34.544313 |          1.000000 |
|              |---------|-------------------|-------------------|-------------------|
|              |     0   |         63.792233 |         16.087403 |          1.000000 |
|              |---------|-------------------|-------------------|-------------------|
|              |     0   |         25.366499 |          8.055741 |          1.000000 |
|              |---------|-------------------|-------------------|-------------------|
|              |     0   |          9.913549 |          3.981823 |          1.000000 |
|              |---------|-------------------|-------------------|-------------------|
|              |     0   |          4.464531 |          2.188981 |          1.000000 |
|              |---------|-------------------|-------------------|-------------------|
|              |     0   |          1.801774 |          1.108372 |          1.000000 |
|              |---------|-------------------|-------------------|-------------------|
|              |     0   |          0.807897 |          0.607333 |          1.000000 |
|              |---------|-------------------|-------------------|-------------------|
|              |     0   |          0.338643 |          0.316386 |          1.000000 |
|              |---------|-------------------|-------------------|-------------------|
|              |     1   |        120.160309 |        567.076153 |          1.000000 |
|              |---------|-------------------|-------------------|-------------------|
|              |     1   |         34.409622 |        118.792760 |          1.000000 |
|              |---------|-------------------|-------------------|-------------------|
|              |     1   |         12.581149 |         33.774619 |          1.000000 |
|              |---------|-------------------|-------------------|-------------------|
|              |     1   |          5.066382 |         10.834592 |          1.000000 |
|              |---------|-------------------|-------------------|-------------------|
|              |     1   |          2.034693 |          3.463886 |          1.000000 |
|              |---------|-------------------|-------------------|-------------------|
|              |     1   |          0.860930 |          1.182088 |          1.000000 |
|              |---------|-------------------|-------------------|-------------------|
|              |     1   |          0.366814 |          0.406909 |          1.000000 |
|              |---------|-------------------|-------------------|-------------------|
|              |     2   |         19.043063 |        285.725404 |          1.000000 |
|              |---------|-------------------|-------------------|-------------------|
|              |     2   |          5.806038 |         35.743679 |          1.000000 |
|              |---------|-------------------|-------------------|-------------------|
|              |     2   |          2.189184 |          6.484903 |          1.000000 |
|              |---------|-------------------|-------------------|-------------------|
|              |     2   |          0.877946 |          1.310624 |          1.000000 |
|              |---------|-------------------|-------------------|-------------------|
|              |     2   |          0.356236 |          0.270366 |          1.000000 |
|              |---------|-------------------|-------------------|-------------------|
|              |     3   |          2.493915 |         11.506363 |          1.000000 |
|              |---------|-------------------|-------------------|-------------------|
|              |     3   |          0.824915 |          0.954718 |          1.000000 |
|--------------|---------|-------------------|-------------------|-------------------|
|   O (  3)    |         |                   |                   |                   |
|              |     0   |       1517.866751 |        173.314671 |          1.000000 |
|              |---------|-------------------|-------------------|-------------------|
|              |     0   |        489.679520 |         74.189774 |          1.000000 |
|              |---------|-------------------|-------------------|-------------------|
|              |     0   |        176.721187 |         34.544313 |          1.000000 |
|              |---------|-------------------|-------------------|-------------------|
|              |     0   |         63.792233 |         16.087403 |          1.000000 |
|              |---------|-------------------|-------------------|-------------------|
|              |     0   |         25.366499 |          8.055741 |          1.000000 |
|              |---------|-------------------|-------------------|-------------------|
|              |     0   |          9.913549 |          3.981823 |          1.000000 |
|              |---------|-------------------|-------------------|-------------------|
|              |     0   |          4.464531 |          2.188981 |          1.000000 |
|              |---------|-------------------|-------------------|-------------------|
|              |     0   |          1.801774 |          1.108372 |          1.000000 |
|              |---------|-------------------|-------------------|-------------------|
|              |     0   |          0.807897 |          0.607333 |          1.000000 |
|              |---------|-------------------|-------------------|-------------------|
|              |     0   |          0.338643 |          0.316386 |          1.000000 |
|              |---------|-------------------|-------------------|-------------------|
|              |     1   |        120.160309 |        567.076153 |          1.000000 |
|              |---------|-------------------|-------------------|-------------------|
|              |     1   |         34.409622 |        118.792760 |          1.000000 |
|              |---------|-------------------|-------------------|-------------------|
|              |     1   |         12.581149 |         33.774619 |          1.000000 |
|              |---------|-------------------|-------------------|-------------------|
|              |     1   |          5.066382 |         10.834592 |          1.000000 |
|              |---------|-------------------|-------------------|-------------------|
|              |     1   |          2.034693 |          3.463886 |          1.000000 |
|              |---------|-------------------|-------------------|-------------------|
|              |     1   |          0.860930 |          1.182088 |          1.000000 |
|              |---------|-------------------|-------------------|-------------------|
|              |     1   |          0.366814 |          0.406909 |          1.000000 |
|              |---------|-------------------|-------------------|-------------------|
|              |     2   |         19.043063 |        285.725404 |          1.000000 |
|              |---------|-------------------|-------------------|-------------------|
|              |     2   |          5.806038 |         35.743679 |          1.000000 |
|              |---------|-------------------|-------------------|-------------------|
|              |     2   |          2.189184 |          6.484903 |          1.000000 |
|              |---------|-------------------|-------------------|-------------------|
|              |     2   |          0.877946 |          1.310624 |          1.000000 |
|              |---------|-------------------|-------------------|-------------------|
|              |     2   |          0.356236 |          0.270366 |          1.000000 |
|              |---------|-------------------|-------------------|-------------------|
|              |     3   |          2.493915 |         11.506363 |          1.000000 |
|              |---------|-------------------|-------------------|-------------------|
|              |     3   |          0.824915 |          0.954718 |          1.000000 |
|--------------|---------|-------------------|-------------------|-------------------|
|   C (  4)    |         |                   |                   |                   |
|              |     0   |       1113.986772 |        137.426383 |          1.000000 |
|              |---------|-------------------|-------------------|-------------------|
|              |     0   |        369.162342 |         60.023752 |          1.000000 |
|              |---------|-------------------|-------------------|-------------------|
|              |     0   |        121.792752 |         26.129204 |          1.000000 |
|              |---------|-------------------|-------------------|-------------------|
|              |     0   |         48.127115 |         13.022743 |          1.000000 |
|              |---------|-------------------|-------------------|-------------------|
|              |     0   |         20.365074 |          6.832420 |          1.000000 |
|              |---------|-------------------|-------------------|-------------------|
|              |     0   |          8.088360 |          3.418263 |          1.000000 |
|              |---------|-------------------|-------------------|-------------------|
|              |     0   |          2.506866 |          1.419902 |          1.000000 |
|              |---------|-------------------|-------------------|-------------------|
|              |     0   |          1.243854 |          0.839435 |          1.000000 |
|              |---------|-------------------|-------------------|-------------------|
|              |     0   |          0.484499 |          0.413885 |          1.000000 |
|              |---------|-------------------|-------------------|-------------------|
|              |     0   |          0.191852 |          0.206602 |          1.000000 |
|              |---------|-------------------|-------------------|-------------------|
|              |     1   |        102.991762 |        467.673972 |          1.000000 |
|              |---------|-------------------|-------------------|-------------------|
|              |     1   |         28.132594 |         92.353277 |          1.000000 |
|              |---------|-------------------|-------------------|-------------------|
|              |     1   |          9.836432 |         24.830592 |          1.000000 |
|              |---------|-------------------|-------------------|-------------------|
|              |     1   |          3.349054 |          6.457923 |          1.000000 |
|              |---------|-------------------|-------------------|-------------------|
|              |     1   |          1.494762 |          2.355890 |          1.000000 |
|              |---------|-------------------|-------------------|-------------------|
|              |     1   |          0.576901 |          0.716666 |          1.000000 |
|              |---------|-------------------|-------------------|-------------------|
|              |     1   |          0.203201 |          0.194467 |          1.000000 |
|              |---------|-------------------|-------------------|-------------------|
|              |     2   |         10.594068 |        102.392773 |          1.000000 |
|              |---------|-------------------|-------------------|-------------------|
|              |     2   |          3.599720 |         15.483874 |          1.000000 |
|              |---------|-------------------|-------------------|-------------------|
|              |     2   |          1.335569 |          2.731025 |          1.000000 |
|              |---------|-------------------|-------------------|-------------------|
|              |     2   |          0.519498 |          0.523216 |          1.000000 |
|              |---------|-------------------|-------------------|-------------------|
|              |     2   |          0.199541 |          0.098054 |          1.000000 |
|              |---------|-------------------|-------------------|-------------------|
|              |     3   |          1.194866 |          2.197470 |          1.000000 |
|              |---------|-------------------|-------------------|-------------------|
|              |     3   |          0.415866 |          0.204456 |          1.000000 |
|--------------|---------|-------------------|-------------------|-------------------|
|   C (  5)    |         |                   |                   |                   |
|              |     0   |       1113.986772 |        137.426383 |          1.000000 |
|              |---------|-------------------|-------------------|-------------------|
|              |     0   |        369.162342 |         60.023752 |          1.000000 |
|              |---------|-------------------|-------------------|-------------------|
|              |     0   |        121.792752 |         26.129204 |          1.000000 |
|              |---------|-------------------|-------------------|-------------------|
|              |     0   |         48.127115 |         13.022743 |          1.000000 |
|              |---------|-------------------|-------------------|-------------------|
|              |     0   |         20.365074 |          6.832420 |          1.000000 |
|              |---------|-------------------|-------------------|-------------------|
|              |     0   |          8.088360 |          3.418263 |          1.000000 |
|              |---------|-------------------|-------------------|-------------------|
|              |     0   |          2.506866 |          1.419902 |          1.000000 |
|              |---------|-------------------|-------------------|-------------------|
|              |     0   |          1.243854 |          0.839435 |          1.000000 |
|              |---------|-------------------|-------------------|-------------------|
|              |     0   |          0.484499 |          0.413885 |          1.000000 |
|              |---------|-------------------|-------------------|-------------------|
|              |     0   |          0.191852 |          0.206602 |          1.000000 |
|              |---------|-------------------|-------------------|-------------------|
|              |     1   |        102.991762 |        467.673972 |          1.000000 |
|              |---------|-------------------|-------------------|-------------------|
|              |     1   |         28.132594 |         92.353277 |          1.000000 |
|              |---------|-------------------|-------------------|-------------------|
|              |     1   |          9.836432 |         24.830592 |          1.000000 |
|              |---------|-------------------|-------------------|-------------------|
|              |     1   |          3.349054 |          6.457923 |          1.000000 |
|              |---------|-------------------|-------------------|-------------------|
|              |     1   |          1.494762 |          2.355890 |          1.000000 |
|              |---------|-------------------|-------------------|-------------------|
|              |     1   |          0.576901 |          0.716666 |          1.000000 |
|              |---------|-------------------|-------------------|-------------------|
|              |     1   |          0.203201 |          0.194467 |          1.000000 |
|              |---------|-------------------|-------------------|-------------------|
|              |     2   |         10.594068 |        102.392773 |          1.000000 |
|              |---------|-------------------|-------------------|-------------------|
|              |     2   |          3.599720 |         15.483874 |          1.000000 |
|              |---------|-------------------|-------------------|-------------------|
|              |     2   |          1.335569 |          2.731025 |          1.000000 |
|              |---------|-------------------|-------------------|-------------------|
|              |     2   |          0.519498 |          0.523216 |          1.000000 |
|              |---------|-------------------|-------------------|-------------------|
|              |     2   |          0.199541 |          0.098054 |          1.000000 |
|              |---------|-------------------|-------------------|-------------------|
|              |     3   |          1.194866 |          2.197470 |          1.000000 |
|              |---------|-------------------|-------------------|-------------------|
|              |     3   |          0.415866 |          0.204456 |          1.000000 |
|--------------|---------|-------------------|-------------------|-------------------|
|   C (  6)    |         |                   |                   |                   |
|              |     0   |       1113.986772 |        137.426383 |          1.000000 |
|              |---------|-------------------|-------------------|-------------------|
|              |     0   |        369.162342 |         60.023752 |          1.000000 |
|              |---------|-------------------|-------------------|-------------------|
|              |     0   |        121.792752 |         26.129204 |          1.000000 |
|              |---------|-------------------|-------------------|-------------------|
|              |     0   |         48.127115 |         13.022743 |          1.000000 |
|              |---------|-------------------|-------------------|-------------------|
|              |     0   |         20.365074 |          6.832420 |          1.000000 |
|              |---------|-------------------|-------------------|-------------------|
|              |     0   |          8.088360 |          3.418263 |          1.000000 |
|              |---------|-------------------|-------------------|-------------------|
|              |     0   |          2.506866 |          1.419902 |          1.000000 |
|              |---------|-------------------|-------------------|-------------------|
|              |     0   |          1.243854 |          0.839435 |          1.000000 |
|              |---------|-------------------|-------------------|-------------------|
|              |     0   |          0.484499 |          0.413885 |          1.000000 |
|              |---------|-------------------|-------------------|-------------------|
|              |     0   |          0.191852 |          0.206602 |          1.000000 |
|              |---------|-------------------|-------------------|-------------------|
|              |     1   |        102.991762 |        467.673972 |          1.000000 |
|              |---------|-------------------|-------------------|-------------------|
|              |     1   |         28.132594 |         92.353277 |          1.000000 |
|              |---------|-------------------|-------------------|-------------------|
|              |     1   |          9.836432 |         24.830592 |          1.000000 |
|              |---------|-------------------|-------------------|-------------------|
|              |     1   |          3.349054 |          6.457923 |          1.000000 |
|              |---------|-------------------|-------------------|-------------------|
|              |     1   |          1.494762 |          2.355890 |          1.000000 |
|              |---------|-------------------|-------------------|-------------------|
|              |     1   |          0.576901 |          0.716666 |          1.000000 |
|              |---------|-------------------|-------------------|-------------------|
|              |     1   |          0.203201 |          0.194467 |          1.000000 |
|              |---------|-------------------|-------------------|-------------------|
|              |     2   |         10.594068 |        102.392773 |          1.000000 |
|              |---------|-------------------|-------------------|-------------------|
|              |     2   |          3.599720 |         15.483874 |          1.000000 |
|              |---------|-------------------|-------------------|-------------------|
|              |     2   |          1.335569 |          2.731025 |          1.000000 |
|              |---------|-------------------|-------------------|-------------------|
|              |     2   |          0.519498 |          0.523216 |          1.000000 |
|              |---------|-------------------|-------------------|-------------------|
|              |     2   |          0.199541 |          0.098054 |          1.000000 |
|              |---------|-------------------|-------------------|-------------------|
|              |     3   |          1.194866 |          2.197470 |          1.000000 |
|              |---------|-------------------|-------------------|-------------------|
|              |     3   |          0.415866 |          0.204456 |          1.000000 |
|--------------|---------|-------------------|-------------------|-------------------|
|   C (  7)    |         |                   |                   |                   |
|              |     0   |       1113.986772 |        137.426383 |          1.000000 |
|              |---------|-------------------|-------------------|-------------------|
|              |     0   |        369.162342 |         60.023752 |          1.000000 |
|              |---------|-------------------|-------------------|-------------------|
|              |     0   |        121.792752 |         26.129204 |          1.000000 |
|              |---------|-------------------|-------------------|-------------------|
|              |     0   |         48.127115 |         13.022743 |          1.000000 |
|              |---------|-------------------|-------------------|-------------------|
|              |     0   |         20.365074 |          6.832420 |          1.000000 |
|              |---------|-------------------|-------------------|-------------------|
|              |     0   |          8.088360 |          3.418263 |          1.000000 |
|              |---------|-------------------|-------------------|-------------------|
|              |     0   |          2.506866 |          1.419902 |          1.000000 |
|              |---------|-------------------|-------------------|-------------------|
|              |     0   |          1.243854 |          0.839435 |          1.000000 |
|              |---------|-------------------|-------------------|-------------------|
|              |     0   |          0.484499 |          0.413885 |          1.000000 |
|              |---------|-------------------|-------------------|-------------------|
|              |     0   |          0.191852 |          0.206602 |          1.000000 |
|              |---------|-------------------|-------------------|-------------------|
|              |     1   |        102.991762 |        467.673972 |          1.000000 |
|              |---------|-------------------|-------------------|-------------------|
|              |     1   |         28.132594 |         92.353277 |          1.000000 |
|              |---------|-------------------|-------------------|-------------------|
|              |     1   |          9.836432 |         24.830592 |          1.000000 |
|              |---------|-------------------|-------------------|-------------------|
|              |     1   |          3.349054 |          6.457923 |          1.000000 |
|              |---------|-------------------|-------------------|-------------------|
|              |     1   |          1.494762 |          2.355890 |          1.000000 |
|              |---------|-------------------|-------------------|-------------------|
|              |     1   |          0.576901 |          0.716666 |          1.000000 |
|              |---------|-------------------|-------------------|-------------------|
|              |     1   |          0.203201 |          0.194467 |          1.000000 |
|              |---------|-------------------|-------------------|-------------------|
|              |     2   |         10.594068 |        102.392773 |          1.000000 |
|              |---------|-------------------|-------------------|-------------------|
|              |     2   |          3.599720 |         15.483874 |          1.000000 |
|              |---------|-------------------|-------------------|-------------------|
|              |     2   |          1.335569 |          2.731025 |          1.000000 |
|              |---------|-------------------|-------------------|-------------------|
|              |     2   |          0.519498 |          0.523216 |          1.000000 |
|              |---------|-------------------|-------------------|-------------------|
|              |     2   |          0.199541 |          0.098054 |          1.000000 |
|              |---------|-------------------|-------------------|-------------------|
|              |     3   |          1.194866 |          2.197470 |          1.000000 |
|              |---------|-------------------|-------------------|-------------------|
|              |     3   |          0.415866 |          0.204456 |          1.000000 |
|--------------|---------|-------------------|-------------------|-------------------|
|   H (  8)    |         |                   |                   |                   |
|              |     0   |          9.530249 |          3.865790 |          1.000000 |
|              |---------|-------------------|-------------------|-------------------|
|              |     0   |          1.917451 |          1.161324 |          1.000000 |
|              |---------|-------------------|-------------------|-------------------|
|              |     0   |          0.684240 |          0.536187 |          1.000000 |
|              |---------|-------------------|-------------------|-------------------|
|              |     0   |          0.284133 |          0.277364 |          1.000000 |
|              |---------|-------------------|-------------------|-------------------|
|              |     1   |          2.913323 |          5.425327 |          1.000000 |
|              |---------|-------------------|-------------------|-------------------|
|              |     1   |          1.262121 |          1.906848 |          1.000000 |
|              |---------|-------------------|-------------------|-------------------|
|              |     1   |          0.501998 |          0.602306 |          1.000000 |
|              |---------|-------------------|-------------------|-------------------|
|              |     2   |          2.313533 |          7.143185 |          1.000000 |
|              |---------|-------------------|-------------------|-------------------|
|              |     2   |          0.712907 |          0.910369 |          1.000000 |
|--------------|---------|-------------------|-------------------|-------------------|
|   H (  9)    |         |                   |                   |                   |
|              |     0   |          9.530249 |          3.865790 |          1.000000 |
|              |---------|-------------------|-------------------|-------------------|
|              |     0   |          1.917451 |          1.161324 |          1.000000 |
|              |---------|-------------------|-------------------|-------------------|
|              |     0   |          0.684240 |          0.536187 |          1.000000 |
|              |---------|-------------------|-------------------|-------------------|
|              |     0   |          0.284133 |          0.277364 |          1.000000 |
|              |---------|-------------------|-------------------|-------------------|
|              |     1   |          2.913323 |          5.425327 |          1.000000 |
|              |---------|-------------------|-------------------|-------------------|
|              |     1   |          1.262121 |          1.906848 |          1.000000 |
|              |---------|-------------------|-------------------|-------------------|
|              |     1   |          0.501998 |          0.602306 |          1.000000 |
|              |---------|-------------------|-------------------|-------------------|
|              |     2   |          2.313533 |          7.143185 |          1.000000 |
|              |---------|-------------------|-------------------|-------------------|
|              |     2   |          0.712907 |          0.910369 |          1.000000 |
|--------------|---------|-------------------|-------------------|-------------------|
|   H ( 10)    |         |                   |                   |                   |
|              |     0   |          9.530249 |          3.865790 |          1.000000 |
|              |---------|-------------------|-------------------|-------------------|
|              |     0   |          1.917451 |          1.161324 |          1.000000 |
|              |---------|-------------------|-------------------|-------------------|
|              |     0   |          0.684240 |          0.536187 |          1.000000 |
|              |---------|-------------------|-------------------|-------------------|
|              |     0   |          0.284133 |          0.277364 |          1.000000 |
|              |---------|-------------------|-------------------|-------------------|
|              |     1   |          2.913323 |          5.425327 |          1.000000 |
|              |---------|-------------------|-------------------|-------------------|
|              |     1   |          1.262121 |          1.906848 |          1.000000 |
|              |---------|-------------------|-------------------|-------------------|
|              |     1   |          0.501998 |          0.602306 |          1.000000 |
|              |---------|-------------------|-------------------|-------------------|
|              |     2   |          2.313533 |          7.143185 |          1.000000 |
|              |---------|-------------------|-------------------|-------------------|
|              |     2   |          0.712907 |          0.910369 |          1.000000 |
|--------------|---------|-------------------|-------------------|-------------------|
|   H ( 11)    |         |                   |                   |                   |
|              |     0   |          9.530249 |          3.865790 |          1.000000 |
|              |---------|-------------------|-------------------|-------------------|
|              |     0   |          1.917451 |          1.161324 |          1.000000 |
|              |---------|-------------------|-------------------|-------------------|
|              |     0   |          0.684240 |          0.536187 |          1.000000 |
|              |---------|-------------------|-------------------|-------------------|
|              |     0   |          0.284133 |          0.277364 |          1.000000 |
|              |---------|-------------------|-------------------|-------------------|
|              |     1   |          2.913323 |          5.425327 |          1.000000 |
|              |---------|-------------------|-------------------|-------------------|
|              |     1   |          1.262121 |          1.906848 |          1.000000 |
|              |---------|-------------------|-------------------|-------------------|
|              |     1   |          0.501998 |          0.602306 |          1.000000 |
|              |---------|-------------------|-------------------|-------------------|
|              |     2   |          2.313533 |          7.143185 |          1.000000 |
|              |---------|-------------------|-------------------|-------------------|
|              |     2   |          0.712907 |          0.910369 |          1.000000 |
|______________|_________|___________________|___________________|___________________|



 Pseudopotential information:

 ________________________________________________________________ 





Calculation of 1-el matrices:
Time to step -    0.31356
Full time    -    0.31356



______________________Starting_CASSCF_calculations_____________________

Number of states                  2
State multiplicity                2 (doublet)

Active space:
Number of alpha electrons         7
Number of beta  electrons         6
Number of active orbitals         10

Number of core orbitals:          22

Preparation of virtual orbitals:  yes
State tracking:                   no 
State averaging:
Weights:	all equal to 1

SCF settings:
Energy convergence:               1.000000e-12
Orbital gradient convergence:     1.000000e-06
Rotation matrix convergence :     1.000000e-07
Maximum number of iterations:     50
Maximum SOSCF step          :     1.000000e-01

CI solver:                        DMRG
DMRG settings:
Bond dimension (m):               300
Maximum number of sweeps:         40
Sweep energy convergence:         1.000000e-10
Initial occupancy:                integral
Sweep schedule:                   default
Active-space localization:        Pipek-Mezey
Dump localized orbitals:          yes
DMRG orbital ordering:            Fiedler
Scratch directory (save_dir):     /dev/shm
MPS warm-start:                   on (after 1 cold iter)
Warm re-solve sweeps:             20
Rotate reused MPS:                yes
MPS-rotation bond dim (rot_m):    300
MPS-rotation TE steps (rot_steps):1
Leading determinants:             on
  read-out rotation bond dim:     600 (10 TE steps)
  extraction compression:         m=300, cutoff=1.000000e-03

_______________________________________________________________________




RI integrals calculation:
Time to step -    0.23079
Full time    -    0.54435
WARNING: orbital canonicalization (rotate) disabled - the CI backend does not support CI-vector rotation

Dumping localized active orbitals:
visualization file: pBQ_2B2_LocOrb.out
data file         : pBQ_2B2_LocOrb.orb


CAS_SCF density averaging:
__________________________________________
 State| E                 | S^2  | weight |
______|___________________|______|________|
    0 |   -379.2978536783 | 0.75 | 1.00   |
    1 |   -379.2148560922 | 0.75 | 1.00   |
______|___________________|______|________|

Start CAS_SCF iterations
_________________________________________________________________________________
  N | E                 | dE         | LAG.ASYM. | ROT.STEP  | N_dav | sweep_dE  |
____|___________________|____________|___________|___________|_______|___________|
  0 |   -379.2563548852 | -3.793e+02 | 1.021e-01 | 1.000e+00 |  19   | 5.684e-14 |
SOSCF is scaling rotation angle matrix Xmax=0.213732     |
  1 |   -379.2814907171 | -2.514e-02 | 5.429e-02 | 1.000e-01 |   3   | 5.684e-14 |
SOSCF is scaling rotation angle matrix Xmax=0.302890     |
  2 |   -379.2927466984 | -1.126e-02 | 3.212e-02 | 1.000e-01 |   3   | 5.684e-14 |
SOSCF is scaling rotation angle matrix Xmax=0.134081     |
  3 |   -379.2989184360 | -6.172e-03 | 8.054e-03 | 1.000e-01 |   3   | 0.000e+00 |
  4 |   -379.2991648335 | -2.464e-04 | 2.768e-03 | 4.577e-02 |   3   | 5.684e-14 |
  5 |   -379.2991889564 | -2.412e-05 | 8.747e-04 | 2.267e-02 |   3   | 1.137e-13 |
  6 |   -379.2991938926 | -4.936e-06 | 7.002e-04 | 1.661e-02 |   3   | 0.000e+00 |
  7 |   -379.2991953202 | -1.428e-06 | 3.064e-04 | 1.273e-02 |   3   | 1.137e-13 |
  8 |   -379.2991959989 | -6.786e-07 | 1.195e-04 | 1.535e-02 |   3   | 5.684e-14 |
  9 |   -379.2991963284 | -3.295e-07 | 1.158e-04 | 1.113e-02 |   3   | 0.000e+00 |
 10 |   -379.2991965217 | -1.933e-07 | 1.157e-04 | 8.447e-03 |   3   | 5.684e-14 |
 11 |   -379.2991966247 | -1.030e-07 | 9.207e-05 | 6.097e-03 |   3   | 5.684e-14 |
 12 |   -379.2991966804 | -5.568e-08 | 6.143e-05 | 5.240e-03 |   3   | 1.137e-13 |
 13 |   -379.2991967067 | -2.626e-08 | 3.331e-05 | 3.413e-03 |   3   | 5.684e-14 |
 14 |   -379.2991967157 | -9.040e-09 | 2.541e-05 | 1.387e-03 |   3   | 0.000e+00 |
 15 |   -379.2991967177 | -1.959e-09 | 1.709e-05 | 2.308e-04 |   3   | 5.684e-14 |
 16 |   -379.2991967181 | -3.813e-10 | 7.247e-06 | 8.674e-05 |   3   | 5.684e-14 |
 17 |   -379.2991967181 | -9.402e-11 | 1.845e-06 | 7.045e-05 |   3   | 0.000e+00 |
 18 |   -379.2991967182 | -7.782e-11 | 1.654e-06 | 4.537e-05 |   3   | 5.684e-14 |
 19 |   -379.2991967182 |  2.990e-11 | 8.726e-07 | 4.700e-05 |   3   | 0.000e+00 |
____|___________________|____________|___________|___________|_______|

Lagrangian converged after 19 iterations

CAS_SCF iterations:
Time to step -   96.71812
Full time    -   97.26247
Preparation of canonical orbitals:
Time to step -    1.55750
Full time    -   98.81997
CAS_SCF WaveFunctions:

DMRG determinant read-out orbital map (lattice k -> canonical orbital p, sign):
  canonical orbital: 1 9 2 0 6 7 5 3 8 4
  sign     : + + - - - + - + - +
State 0  E  =    -379.3383288926 S^2 = 0.75:
 9.2807269140e-01  | 1111111000 | 1111110000
 1.2779953756e-01  | 1111101100 | 1111100100
 1.0650183875e-01  | 1111111000 | 1011111000
-9.2666484746e-02  | 1111110010 | 1111011000
-8.6916702107e-02  | 1111101100 | 1111011000
-8.3361966742e-02  | 1111111000 | 1111010010
 6.1671631990e-02  | 1111011100 | 1111010100
-6.0705799022e-02  | 1111011100 | 1111101000
 6.0169904904e-02  | 1011111010 | 1011110010
-5.5328206557e-02  | 1111011010 | 1011111000
State 1  E  =    -379.2600645437 S^2 = 0.75:
 9.1420389782e-01  | 1111110100 | 1111110000
-1.8351351071e-01  | 1111011100 | 1111011000
 1.0101731039e-01  | 1111011100 | 1111100100
-7.9805272043e-02  | 1111111000 | 1111100010
-7.8744717032e-02  | 1111101100 | 1111101000
 7.7992731103e-02  | 1111101100 | 1111010100
 7.6342984522e-02  | 1011111100 | 1111010010
-6.9904331176e-02  | 1111010110 | 1011111000
-6.6844115855e-02  | 1011111100 | 1011111000
 6.2039680144e-02  | 1011110110 | 1011110010

DMRG determinant extraction weights:
____________________________
 State| weight       |
______|______________|
    0 | 0.999458     |
    1 | 0.999477     |
______|______________|


CAS_SCF density averaging:
__________________________________________
 State| E                 | S^2  | weight |
______|___________________|______|________|
    0 |   -379.3383288926 | 0.75 | 1.00   |
    1 |   -379.2600645437 | 0.75 | 1.00   |
______|___________________|______|________|


CAS_SCF Energy summary:
E[  0] = -379.3383288926
E[  1] = -379.2600645437 | 2.1297 eV


CAS_SCF Dipole moment:

d[  0,  0] = { 5.009452e-07, 4.534253e-07,-1.248414e-08} |d| = 6.757933e-07
d[  0,  1] = {-4.737377e-07, 1.320050e+00,-4.882936e-08} |d| = 1.320050e+00

d[  1,  0] = {-4.737377e-07, 1.320050e+00,-4.882936e-08} |d| = 1.320050e+00
d[  1,  1] = {-3.338944e-07,-1.486284e-07, 4.956198e-08} |d| = 3.688256e-07




Writing CAS_SCF canonical orbitals:
visualization file: pBQ_2B2_CAS.out
data file         : pBQ_2B2_CAS.orb

Writing CAS_SCF natural orbitals:
visualization file: pBQ_2B2_CAS_NatOrb.out
data file         : pBQ_2B2_CAS_NatOrb.orb

_______________________________________________________________________


CAS_SCF:
Time to step -    5.47116
Full time    -  104.29113


Calculation finished at: 15:49 (EEST), 11 July 2026 (Saturday).
